2023-11-10 00:06.27 - [CommandHelper][ERROR][runtime] Using undefined variable: @playerexists C:\Users\kiwid\Desktop\Servers\1.19 Dev Server\plugins\CommandHelper\LocalPackages\creative-only\minigames\auto_include.ms:16.9
2023-11-10 00:06.27 - [CommandHelper][ERROR][runtime] ms.lang.CastException: Only a Callable (created for instance from the closure function) can be sent to execute(), or executed directly, such as @c().
	at proc _addPlayerQueue:C:\Users\kiwid\Desktop\Servers\1.19 Dev Server\plugins\CommandHelper\LocalPackages\creative-only\minigames\auto_include.ms:16.88
	at <<main code>>:C:\Users\kiwid\Desktop\Servers\1.19 Dev Server\plugins\CommandHelper\LocalPackages\creative-only\minigames\auto_include.ms:39.46
 C:\Users\kiwid\Desktop\Servers\1.19 Dev Server\plugins\CommandHelper\LocalPackages\creative-only\minigames\auto_include.ms:16.88
2023-11-10 00:06.51 - [CommandHelper][WARNING][compiler] (UseBareStrings) Use of bare string C:\Users\kiwid\Desktop\Servers\1.19 Dev Server\plugins\CommandHelper\LocalPackages\creative-only\minigames\auto_include.ms:36.6
2023-11-10 00:06.51 - [CommandHelper][ERROR][compiler] COMPILE ERROR: query expects at least 2 arguments
	at :C:\Users\kiwid\Desktop\Servers\1.19 Dev Server\plugins\CommandHelper\LocalPackages\creative-only\minigames\auto_include.ms:22.33
 C:\Users\kiwid\Desktop\Servers\1.19 Dev Server\plugins\CommandHelper\LocalPackages\creative-only\minigames\auto_include.ms:22.33
2023-11-10 00:06.51 - [CommandHelper][WARNING][compiler] (UselessCode) Empty statement. C:\Users\kiwid\Desktop\Servers\1.19 Dev Server\plugins\CommandHelper\LocalPackages\creative-only\commands.msa:308.86
2023-11-10 00:06.51 - [CommandHelper][ERROR][compiler] COMPILE ERROR: Duplicate command defined. (First occurrence found at C:\Users\kiwid\Desktop\Servers\1.19 Dev Server\plugins\CommandHelper\LocalPackages\creative-only\minigames\ArenaCreation\arenacreator.msa:18.3)
	at :C:\Users\kiwid\Desktop\Servers\1.19 Dev Server\plugins\CommandHelper\LocalPackages\creative-only\minigames\ArenaCreation\teamcreator.msa:7.3
 C:\Users\kiwid\Desktop\Servers\1.19 Dev Server\plugins\CommandHelper\LocalPackages\creative-only\minigames\ArenaCreation\teamcreator.msa:7.3
2023-11-10 00:06.52 - [CommandHelper][ERROR][runtime] Using undefined variable: @playerexists C:\Users\kiwid\Desktop\Servers\1.19 Dev Server\plugins\CommandHelper\LocalPackages\creative-only\minigames\auto_include.ms:16.9
2023-11-10 00:06.52 - [CommandHelper][ERROR][runtime] ms.lang.CastException: Only a Callable (created for instance from the closure function) can be sent to execute(), or executed directly, such as @c().
	at proc _addPlayerQueue:C:\Users\kiwid\Desktop\Servers\1.19 Dev Server\plugins\CommandHelper\LocalPackages\creative-only\minigames\auto_include.ms:16.88
	at <<main code>>:C:\Users\kiwid\Desktop\Servers\1.19 Dev Server\plugins\CommandHelper\LocalPackages\creative-only\minigames\auto_include.ms:39.46
 C:\Users\kiwid\Desktop\Servers\1.19 Dev Server\plugins\CommandHelper\LocalPackages\creative-only\minigames\auto_include.ms:16.88
2023-11-10 00:07.48 - [CommandHelper][WARNING][compiler] (UseBareStrings) Use of bare string C:\Users\kiwid\Desktop\Servers\1.19 Dev Server\plugins\CommandHelper\LocalPackages\creative-only\minigames\auto_include.ms:36.6
2023-11-10 00:07.48 - [CommandHelper][ERROR][compiler] COMPILE ERROR: query expects at least 2 arguments
	at :C:\Users\kiwid\Desktop\Servers\1.19 Dev Server\plugins\CommandHelper\LocalPackages\creative-only\minigames\auto_include.ms:22.33
 C:\Users\kiwid\Desktop\Servers\1.19 Dev Server\plugins\CommandHelper\LocalPackages\creative-only\minigames\auto_include.ms:22.33
2023-11-10 00:07.48 - [CommandHelper][WARNING][compiler] (UselessCode) Empty statement. C:\Users\kiwid\Desktop\Servers\1.19 Dev Server\plugins\CommandHelper\LocalPackages\creative-only\commands.msa:308.86
2023-11-10 00:07.48 - [CommandHelper][ERROR][compiler] COMPILE ERROR: Duplicate command defined. (First occurrence found at C:\Users\kiwid\Desktop\Servers\1.19 Dev Server\plugins\CommandHelper\LocalPackages\creative-only\minigames\ArenaCreation\arenacreator.msa:18.3)
	at :C:\Users\kiwid\Desktop\Servers\1.19 Dev Server\plugins\CommandHelper\LocalPackages\creative-only\minigames\ArenaCreation\teamcreator.msa:7.3
 C:\Users\kiwid\Desktop\Servers\1.19 Dev Server\plugins\CommandHelper\LocalPackages\creative-only\minigames\ArenaCreation\teamcreator.msa:7.3
2023-11-10 00:07.59 - [CommandHelper][WARNING][compiler] (UseBareStrings) Use of bare string C:\Users\kiwid\Desktop\Servers\1.19 Dev Server\plugins\CommandHelper\LocalPackages\creative-only\minigames\auto_include.ms:36.6
2023-11-10 00:07.59 - [CommandHelper][WARNING][compiler] (UselessCode) Empty statement. C:\Users\kiwid\Desktop\Servers\1.19 Dev Server\plugins\CommandHelper\LocalPackages\creative-only\commands.msa:308.86
2023-11-10 00:07.59 - [CommandHelper][ERROR][compiler] COMPILE ERROR: Duplicate command defined. (First occurrence found at C:\Users\kiwid\Desktop\Servers\1.19 Dev Server\plugins\CommandHelper\LocalPackages\creative-only\minigames\ArenaCreation\arenacreator.msa:18.3)
	at :C:\Users\kiwid\Desktop\Servers\1.19 Dev Server\plugins\CommandHelper\LocalPackages\creative-only\minigames\ArenaCreation\teamcreator.msa:7.3
 C:\Users\kiwid\Desktop\Servers\1.19 Dev Server\plugins\CommandHelper\LocalPackages\creative-only\minigames\ArenaCreation\teamcreator.msa:7.3
2023-11-10 02:26.50 - [CommandHelper][WARNING][compiler] (UseBareStrings) Use of bare string C:\Users\kiwid\Desktop\Servers\1.19 Dev Server\plugins\CommandHelper\LocalPackages\creative-only\minigames\auto_include.ms:36.6
2023-11-10 02:26.50 - [CommandHelper][WARNING][compiler] (UselessCode) Empty statement. C:\Users\kiwid\Desktop\Servers\1.19 Dev Server\plugins\CommandHelper\LocalPackages\creative-only\commands.msa:308.86
2023-11-10 02:26.50 - [CommandHelper][ERROR][compiler] COMPILE ERROR: Duplicate command defined. (First occurrence found at C:\Users\kiwid\Desktop\Servers\1.19 Dev Server\plugins\CommandHelper\LocalPackages\creative-only\minigames\ArenaCreation\arenacreator.msa:18.3)
	at :C:\Users\kiwid\Desktop\Servers\1.19 Dev Server\plugins\CommandHelper\LocalPackages\creative-only\minigames\ArenaCreation\teamcreator.msa:7.3
 C:\Users\kiwid\Desktop\Servers\1.19 Dev Server\plugins\CommandHelper\LocalPackages\creative-only\minigames\ArenaCreation\teamcreator.msa:7.3
2023-11-10 02:27.45 - [CommandHelper][WARNING][compiler] (UseBareStrings) Use of bare string C:\Users\kiwid\Desktop\Servers\1.19 Dev Server\plugins\CommandHelper\LocalPackages\creative-only\minigames\auto_include.ms:36.6
2023-11-10 02:27.45 - [CommandHelper][WARNING][compiler] (UselessCode) Empty statement. C:\Users\kiwid\Desktop\Servers\1.19 Dev Server\plugins\CommandHelper\LocalPackages\creative-only\commands.msa:308.86
2023-11-10 02:27.45 - [CommandHelper][ERROR][compiler] COMPILE ERROR: Duplicate command defined. (First occurrence found at C:\Users\kiwid\Desktop\Servers\1.19 Dev Server\plugins\CommandHelper\LocalPackages\creative-only\minigames\ArenaCreation\arenacreator.msa:18.3)
	at :C:\Users\kiwid\Desktop\Servers\1.19 Dev Server\plugins\CommandHelper\LocalPackages\creative-only\minigames\ArenaCreation\teamcreator.msa:7.3
 C:\Users\kiwid\Desktop\Servers\1.19 Dev Server\plugins\CommandHelper\LocalPackages\creative-only\minigames\ArenaCreation\teamcreator.msa:7.3
2023-11-10 04:22.06 - [CommandHelper][WARNING][compiler] (UseBareStrings) Use of bare string C:\Users\kiwid\Desktop\Servers\1.19 Dev Server\plugins\CommandHelper\LocalPackages\creative-only\minigames\auto_include.ms:36.6
2023-11-10 04:22.06 - [CommandHelper][WARNING][compiler] (UselessCode) Empty statement. C:\Users\kiwid\Desktop\Servers\1.19 Dev Server\plugins\CommandHelper\LocalPackages\creative-only\commands.msa:308.86
2023-11-10 04:22.06 - [CommandHelper][ERROR][compiler] COMPILE ERROR: Duplicate command defined. (First occurrence found at C:\Users\kiwid\Desktop\Servers\1.19 Dev Server\plugins\CommandHelper\LocalPackages\creative-only\minigames\ArenaCreation\arenacreator.msa:18.3)
	at :C:\Users\kiwid\Desktop\Servers\1.19 Dev Server\plugins\CommandHelper\LocalPackages\creative-only\minigames\ArenaCreation\teamcreator.msa:7.3
 C:\Users\kiwid\Desktop\Servers\1.19 Dev Server\plugins\CommandHelper\LocalPackages\creative-only\minigames\ArenaCreation\teamcreator.msa:7.3
2023-11-10 04:22.23 - [CommandHelper][ALWAYS][general] An update is available!
2023-11-10 06:05.11 - [CommandHelper][WARNING][compiler] (UseBareStrings) Use of bare string C:\Users\kiwid\Desktop\Servers\1.19 Dev Server\plugins\CommandHelper\LocalPackages\creative-only\minigames\auto_include.ms:36.6
2023-11-10 06:05.11 - [CommandHelper][ERROR][compiler] COMPILE ERROR: You must use IVariables as the arguments
	at :C:\Users\kiwid\Desktop\Servers\1.19 Dev Server\plugins\CommandHelper\LocalPackages\creative-only\minigames\auto_include.ms:48.1
 C:\Users\kiwid\Desktop\Servers\1.19 Dev Server\plugins\CommandHelper\LocalPackages\creative-only\minigames\auto_include.ms:48.1
2023-11-10 06:05.11 - [CommandHelper][WARNING][compiler] (UselessCode) Empty statement. C:\Users\kiwid\Desktop\Servers\1.19 Dev Server\plugins\CommandHelper\LocalPackages\creative-only\commands.msa:308.86
2023-11-10 06:05.11 - [CommandHelper][ERROR][compiler] COMPILE ERROR: Duplicate command defined. (First occurrence found at C:\Users\kiwid\Desktop\Servers\1.19 Dev Server\plugins\CommandHelper\LocalPackages\creative-only\minigames\ArenaCreation\arenacreator.msa:18.3)
	at :C:\Users\kiwid\Desktop\Servers\1.19 Dev Server\plugins\CommandHelper\LocalPackages\creative-only\minigames\ArenaCreation\teamcreator.msa:7.3
 C:\Users\kiwid\Desktop\Servers\1.19 Dev Server\plugins\CommandHelper\LocalPackages\creative-only\minigames\ArenaCreation\teamcreator.msa:7.3
2023-11-10 06:05.45 - [CommandHelper][WARNING][compiler] (UseBareStrings) Use of bare string C:\Users\kiwid\Desktop\Servers\1.19 Dev Server\plugins\CommandHelper\LocalPackages\creative-only\minigames\auto_include.ms:36.6
2023-11-10 06:05.45 - [CommandHelper][ERROR][compiler] COMPILE ERROR: Unexpected data after ClassType
	at :C:\Users\kiwid\Desktop\Servers\1.19 Dev Server\plugins\CommandHelper\LocalPackages\creative-only\minigames\auto_include.ms:48.22
 C:\Users\kiwid\Desktop\Servers\1.19 Dev Server\plugins\CommandHelper\LocalPackages\creative-only\minigames\auto_include.ms:48.22
2023-11-10 06:05.45 - [CommandHelper][ERROR][compiler] COMPILE ERROR: Invalid arguments defined for procedure
	at :C:\Users\kiwid\Desktop\Servers\1.19 Dev Server\plugins\CommandHelper\LocalPackages\creative-only\minigames\auto_include.ms:48.1
 C:\Users\kiwid\Desktop\Servers\1.19 Dev Server\plugins\CommandHelper\LocalPackages\creative-only\minigames\auto_include.ms:48.1
2023-11-10 06:05.45 - [CommandHelper][WARNING][compiler] (UselessCode) Empty statement. C:\Users\kiwid\Desktop\Servers\1.19 Dev Server\plugins\CommandHelper\LocalPackages\creative-only\commands.msa:308.86
2023-11-10 06:05.45 - [CommandHelper][ERROR][compiler] COMPILE ERROR: Duplicate command defined. (First occurrence found at C:\Users\kiwid\Desktop\Servers\1.19 Dev Server\plugins\CommandHelper\LocalPackages\creative-only\minigames\ArenaCreation\arenacreator.msa:18.3)
	at :C:\Users\kiwid\Desktop\Servers\1.19 Dev Server\plugins\CommandHelper\LocalPackages\creative-only\minigames\ArenaCreation\teamcreator.msa:7.3
 C:\Users\kiwid\Desktop\Servers\1.19 Dev Server\plugins\CommandHelper\LocalPackages\creative-only\minigames\ArenaCreation\teamcreator.msa:7.3
2023-11-10 06:06.25 - [CommandHelper][WARNING][compiler] (UseBareStrings) Use of bare string C:\Users\kiwid\Desktop\Servers\1.19 Dev Server\plugins\CommandHelper\LocalPackages\creative-only\minigames\auto_include.ms:36.6
2023-11-10 06:06.25 - [CommandHelper][WARNING][compiler] (UselessCode) Empty statement. C:\Users\kiwid\Desktop\Servers\1.19 Dev Server\plugins\CommandHelper\LocalPackages\creative-only\commands.msa:308.86
2023-11-10 06:06.25 - [CommandHelper][ERROR][compiler] COMPILE ERROR: Duplicate command defined. (First occurrence found at C:\Users\kiwid\Desktop\Servers\1.19 Dev Server\plugins\CommandHelper\LocalPackages\creative-only\minigames\ArenaCreation\arenacreator.msa:18.3)
	at :C:\Users\kiwid\Desktop\Servers\1.19 Dev Server\plugins\CommandHelper\LocalPackages\creative-only\minigames\ArenaCreation\teamcreator.msa:7.3
 C:\Users\kiwid\Desktop\Servers\1.19 Dev Server\plugins\CommandHelper\LocalPackages\creative-only\minigames\ArenaCreation\teamcreator.msa:7.3
2023-11-10 06:11.27 - [CommandHelper][WARNING][compiler] (UseBareStrings) Use of bare string C:\Users\kiwid\Desktop\Servers\1.19 Dev Server\plugins\CommandHelper\LocalPackages\creative-only\minigames\auto_include.ms:35.6
2023-11-10 06:11.27 - [CommandHelper][WARNING][compiler] (UselessCode) Empty statement. C:\Users\kiwid\Desktop\Servers\1.19 Dev Server\plugins\CommandHelper\LocalPackages\creative-only\commands.msa:308.86
2023-11-10 06:11.27 - [CommandHelper][ERROR][compiler] COMPILE ERROR: Duplicate command defined. (First occurrence found at C:\Users\kiwid\Desktop\Servers\1.19 Dev Server\plugins\CommandHelper\LocalPackages\creative-only\minigames\ArenaCreation\arenacreator.msa:18.3)
	at :C:\Users\kiwid\Desktop\Servers\1.19 Dev Server\plugins\CommandHelper\LocalPackages\creative-only\minigames\ArenaCreation\teamcreator.msa:7.3
 C:\Users\kiwid\Desktop\Servers\1.19 Dev Server\plugins\CommandHelper\LocalPackages\creative-only\minigames\ArenaCreation\teamcreator.msa:7.3
2023-11-10 06:11.41 - [CommandHelper][ERROR][runtime] ms.lang.IndexOverflowException: The element at index "0" does not exist
	at proc _addPlayerQueue:C:\Users\kiwid\Desktop\Servers\1.19 Dev Server\plugins\CommandHelper\LocalPackages\creative-only\minigames\auto_include.ms:15.26
	at <<main code>>:C:\Users\kiwid\Desktop\Servers\1.19 Dev Server\plugins\CommandHelper\LocalPackages\creative-only\minigames\auto_include.ms:38.46
 C:\Users\kiwid\Desktop\Servers\1.19 Dev Server\plugins\CommandHelper\LocalPackages\creative-only\minigames\auto_include.ms:15.26
2023-11-10 06:12.19 - [CommandHelper][WARNING][compiler] (UseBareStrings) Use of bare string C:\Users\kiwid\Desktop\Servers\1.19 Dev Server\plugins\CommandHelper\LocalPackages\creative-only\minigames\auto_include.ms:36.6
2023-11-10 06:12.19 - [CommandHelper][WARNING][compiler] (UselessCode) Empty statement. C:\Users\kiwid\Desktop\Servers\1.19 Dev Server\plugins\CommandHelper\LocalPackages\creative-only\commands.msa:308.86
2023-11-10 06:12.19 - [CommandHelper][ERROR][compiler] COMPILE ERROR: Duplicate command defined. (First occurrence found at C:\Users\kiwid\Desktop\Servers\1.19 Dev Server\plugins\CommandHelper\LocalPackages\creative-only\minigames\ArenaCreation\arenacreator.msa:18.3)
	at :C:\Users\kiwid\Desktop\Servers\1.19 Dev Server\plugins\CommandHelper\LocalPackages\creative-only\minigames\ArenaCreation\teamcreator.msa:7.3
 C:\Users\kiwid\Desktop\Servers\1.19 Dev Server\plugins\CommandHelper\LocalPackages\creative-only\minigames\ArenaCreation\teamcreator.msa:7.3
2023-11-10 06:16.15 - [CommandHelper][WARNING][compiler] (UseBareStrings) Use of bare string C:\Users\kiwid\Desktop\Servers\1.19 Dev Server\plugins\CommandHelper\LocalPackages\creative-only\minigames\auto_include.ms:37.6
2023-11-10 06:16.15 - [CommandHelper][WARNING][compiler] (UselessCode) Empty statement. C:\Users\kiwid\Desktop\Servers\1.19 Dev Server\plugins\CommandHelper\LocalPackages\creative-only\commands.msa:308.86
2023-11-10 06:16.15 - [CommandHelper][ERROR][compiler] COMPILE ERROR: Duplicate command defined. (First occurrence found at C:\Users\kiwid\Desktop\Servers\1.19 Dev Server\plugins\CommandHelper\LocalPackages\creative-only\minigames\ArenaCreation\arenacreator.msa:18.3)
	at :C:\Users\kiwid\Desktop\Servers\1.19 Dev Server\plugins\CommandHelper\LocalPackages\creative-only\minigames\ArenaCreation\teamcreator.msa:7.3
 C:\Users\kiwid\Desktop\Servers\1.19 Dev Server\plugins\CommandHelper\LocalPackages\creative-only\minigames\ArenaCreation\teamcreator.msa:7.3
2023-11-10 06:16.25 - [CommandHelper][ERROR][runtime] ms.lang.InvalidProcedureException: Unknown procedure "_startRound"
	at proc _addPlayerQueue:C:\Users\kiwid\Desktop\Servers\1.19 Dev Server\plugins\CommandHelper\LocalPackages\creative-only\minigames\auto_include.ms:24.13
	at <<main code>>:C:\Users\kiwid\Desktop\Servers\1.19 Dev Server\plugins\CommandHelper\LocalPackages\creative-only\minigames\auto_include.ms:40.46
 C:\Users\kiwid\Desktop\Servers\1.19 Dev Server\plugins\CommandHelper\LocalPackages\creative-only\minigames\auto_include.ms:24.13
2023-11-10 06:16.47 - [CommandHelper][WARNING][compiler] (UseBareStrings) Use of bare string C:\Users\kiwid\Desktop\Servers\1.19 Dev Server\plugins\CommandHelper\LocalPackages\creative-only\minigames\auto_include.ms:44.6
2023-11-10 06:16.47 - [CommandHelper][WARNING][compiler] (UselessCode) Empty statement. C:\Users\kiwid\Desktop\Servers\1.19 Dev Server\plugins\CommandHelper\LocalPackages\creative-only\commands.msa:308.86
2023-11-10 06:16.47 - [CommandHelper][ERROR][compiler] COMPILE ERROR: Duplicate command defined. (First occurrence found at C:\Users\kiwid\Desktop\Servers\1.19 Dev Server\plugins\CommandHelper\LocalPackages\creative-only\minigames\ArenaCreation\arenacreator.msa:18.3)
	at :C:\Users\kiwid\Desktop\Servers\1.19 Dev Server\plugins\CommandHelper\LocalPackages\creative-only\minigames\ArenaCreation\teamcreator.msa:7.3
 C:\Users\kiwid\Desktop\Servers\1.19 Dev Server\plugins\CommandHelper\LocalPackages\creative-only\minigames\ArenaCreation\teamcreator.msa:7.3
2023-11-10 06:19.37 - [CommandHelper][WARNING][compiler] (UseBareStrings) Use of bare string C:\Users\kiwid\Desktop\Servers\1.19 Dev Server\plugins\CommandHelper\LocalPackages\creative-only\minigames\auto_include.ms:44.6
2023-11-10 06:19.37 - [CommandHelper][WARNING][compiler] (UselessCode) Empty statement. C:\Users\kiwid\Desktop\Servers\1.19 Dev Server\plugins\CommandHelper\LocalPackages\creative-only\commands.msa:308.86
2023-11-10 06:19.37 - [CommandHelper][ERROR][compiler] COMPILE ERROR: Duplicate command defined. (First occurrence found at C:\Users\kiwid\Desktop\Servers\1.19 Dev Server\plugins\CommandHelper\LocalPackages\creative-only\minigames\ArenaCreation\arenacreator.msa:18.3)
	at :C:\Users\kiwid\Desktop\Servers\1.19 Dev Server\plugins\CommandHelper\LocalPackages\creative-only\minigames\ArenaCreation\teamcreator.msa:7.3
 C:\Users\kiwid\Desktop\Servers\1.19 Dev Server\plugins\CommandHelper\LocalPackages\creative-only\minigames\ArenaCreation\teamcreator.msa:7.3
2023-11-10 06:21.14 - [CommandHelper][ERROR][runtime] Using undefined variable: @getopengame C:\Users\kiwid\Desktop\Servers\1.19 Dev Server\plugins\CommandHelper\LocalPackages\creative-only\minigames\auto_include.ms:7.86
2023-11-10 06:21.14 - [CommandHelper][ERROR][runtime] ms.lang.CastException: Argument 1 of array_get must be an array
	at proc _startRound:C:\Users\kiwid\Desktop\Servers\1.19 Dev Server\plugins\CommandHelper\LocalPackages\creative-only\minigames\auto_include.ms:7.99
	at proc _addPlayerQueue:C:\Users\kiwid\Desktop\Servers\1.19 Dev Server\plugins\CommandHelper\LocalPackages\creative-only\minigames\auto_include.ms:31.38
	at <<main code>>:C:\Users\kiwid\Desktop\Servers\1.19 Dev Server\plugins\CommandHelper\LocalPackages\creative-only\minigames\auto_include.ms:47.46
 C:\Users\kiwid\Desktop\Servers\1.19 Dev Server\plugins\CommandHelper\LocalPackages\creative-only\minigames\auto_include.ms:7.99
2023-11-10 06:29.16 - [CommandHelper][WARNING][compiler] (UseBareStrings) Use of bare string C:\Users\kiwid\Desktop\Servers\1.19 Dev Server\plugins\CommandHelper\LocalPackages\creative-only\minigames\auto_include.ms:44.6
2023-11-10 06:29.16 - [CommandHelper][WARNING][compiler] (UselessCode) Empty statement. C:\Users\kiwid\Desktop\Servers\1.19 Dev Server\plugins\CommandHelper\LocalPackages\creative-only\commands.msa:308.86
2023-11-10 06:29.16 - [CommandHelper][ERROR][compiler] COMPILE ERROR: Duplicate command defined. (First occurrence found at C:\Users\kiwid\Desktop\Servers\1.19 Dev Server\plugins\CommandHelper\LocalPackages\creative-only\minigames\ArenaCreation\arenacreator.msa:18.3)
	at :C:\Users\kiwid\Desktop\Servers\1.19 Dev Server\plugins\CommandHelper\LocalPackages\creative-only\minigames\ArenaCreation\teamcreator.msa:7.3
 C:\Users\kiwid\Desktop\Servers\1.19 Dev Server\plugins\CommandHelper\LocalPackages\creative-only\minigames\ArenaCreation\teamcreator.msa:7.3
2023-11-10 07:04.22 - [CommandHelper][WARNING][compiler] (UseBareStrings) Use of bare string C:\Users\kiwid\Desktop\Servers\1.19 Dev Server\plugins\CommandHelper\LocalPackages\creative-only\minigames\auto_include.ms:50.6
2023-11-10 07:04.22 - [CommandHelper][WARNING][compiler] (UselessCode) Empty statement. C:\Users\kiwid\Desktop\Servers\1.19 Dev Server\plugins\CommandHelper\LocalPackages\creative-only\commands.msa:308.86
2023-11-10 07:04.22 - [CommandHelper][ERROR][compiler] COMPILE ERROR: Duplicate command defined. (First occurrence found at C:\Users\kiwid\Desktop\Servers\1.19 Dev Server\plugins\CommandHelper\LocalPackages\creative-only\minigames\ArenaCreation\arenacreator.msa:18.3)
	at :C:\Users\kiwid\Desktop\Servers\1.19 Dev Server\plugins\CommandHelper\LocalPackages\creative-only\minigames\ArenaCreation\teamcreator.msa:7.3
 C:\Users\kiwid\Desktop\Servers\1.19 Dev Server\plugins\CommandHelper\LocalPackages\creative-only\minigames\ArenaCreation\teamcreator.msa:7.3
2023-11-10 07:04.45 - [CommandHelper][ERROR][runtime] Using undefined variable: @console C:\Users\kiwid\Desktop\Servers\1.19 Dev Server\plugins\CommandHelper\LocalPackages\creative-only\minigames\auto_include.ms:7.5
2023-11-10 07:04.45 - [CommandHelper][ERROR][runtime] ms.lang.CastException: Only a Callable (created for instance from the closure function) can be sent to execute(), or executed directly, such as @c().
	at proc _startRound:C:\Users\kiwid\Desktop\Servers\1.19 Dev Server\plugins\CommandHelper\LocalPackages\creative-only\minigames\auto_include.ms:7.5
	at proc _addPlayerQueue:C:\Users\kiwid\Desktop\Servers\1.19 Dev Server\plugins\CommandHelper\LocalPackages\creative-only\minigames\auto_include.ms:37.38
	at <<main code>>:C:\Users\kiwid\Desktop\Servers\1.19 Dev Server\plugins\CommandHelper\LocalPackages\creative-only\minigames\auto_include.ms:53.46
 C:\Users\kiwid\Desktop\Servers\1.19 Dev Server\plugins\CommandHelper\LocalPackages\creative-only\minigames\auto_include.ms:7.5
2023-11-10 07:05.08 - [CommandHelper][WARNING][compiler] (UseBareStrings) Use of bare string C:\Users\kiwid\Desktop\Servers\1.19 Dev Server\plugins\CommandHelper\LocalPackages\creative-only\minigames\auto_include.ms:50.6
2023-11-10 07:05.08 - [CommandHelper][WARNING][compiler] (UselessCode) Empty statement. C:\Users\kiwid\Desktop\Servers\1.19 Dev Server\plugins\CommandHelper\LocalPackages\creative-only\commands.msa:308.86
2023-11-10 07:05.08 - [CommandHelper][ERROR][compiler] COMPILE ERROR: Duplicate command defined. (First occurrence found at C:\Users\kiwid\Desktop\Servers\1.19 Dev Server\plugins\CommandHelper\LocalPackages\creative-only\minigames\ArenaCreation\arenacreator.msa:18.3)
	at :C:\Users\kiwid\Desktop\Servers\1.19 Dev Server\plugins\CommandHelper\LocalPackages\creative-only\minigames\ArenaCreation\teamcreator.msa:7.3
 C:\Users\kiwid\Desktop\Servers\1.19 Dev Server\plugins\CommandHelper\LocalPackages\creative-only\minigames\ArenaCreation\teamcreator.msa:7.3
2023-11-10 07:06.01 - [CommandHelper][WARNING][compiler] (UseBareStrings) Use of bare string C:\Users\kiwid\Desktop\Servers\1.19 Dev Server\plugins\CommandHelper\LocalPackages\creative-only\minigames\auto_include.ms:52.6
2023-11-10 07:06.01 - [CommandHelper][WARNING][compiler] (UselessCode) Empty statement. C:\Users\kiwid\Desktop\Servers\1.19 Dev Server\plugins\CommandHelper\LocalPackages\creative-only\commands.msa:308.86
2023-11-10 07:06.01 - [CommandHelper][ERROR][compiler] COMPILE ERROR: Duplicate command defined. (First occurrence found at C:\Users\kiwid\Desktop\Servers\1.19 Dev Server\plugins\CommandHelper\LocalPackages\creative-only\minigames\ArenaCreation\arenacreator.msa:18.3)
	at :C:\Users\kiwid\Desktop\Servers\1.19 Dev Server\plugins\CommandHelper\LocalPackages\creative-only\minigames\ArenaCreation\teamcreator.msa:7.3
 C:\Users\kiwid\Desktop\Servers\1.19 Dev Server\plugins\CommandHelper\LocalPackages\creative-only\minigames\ArenaCreation\teamcreator.msa:7.3
2023-11-10 07:06.04 - [CommandHelper][ERROR][runtime] Using undefined variable: @console C:\Users\kiwid\Desktop\Servers\1.19 Dev Server\plugins\CommandHelper\LocalPackages\creative-only\minigames\auto_include.ms:35.9
2023-11-10 07:06.04 - [CommandHelper][ERROR][runtime] ms.lang.CastException: Only a Callable (created for instance from the closure function) can be sent to execute(), or executed directly, such as @c().
	at proc _addPlayerQueue:C:\Users\kiwid\Desktop\Servers\1.19 Dev Server\plugins\CommandHelper\LocalPackages\creative-only\minigames\auto_include.ms:35.9
	at <<main code>>:C:\Users\kiwid\Desktop\Servers\1.19 Dev Server\plugins\CommandHelper\LocalPackages\creative-only\minigames\auto_include.ms:55.46
 C:\Users\kiwid\Desktop\Servers\1.19 Dev Server\plugins\CommandHelper\LocalPackages\creative-only\minigames\auto_include.ms:35.9
2023-11-10 07:06.12 - [CommandHelper][WARNING][compiler] (UseBareStrings) Use of bare string C:\Users\kiwid\Desktop\Servers\1.19 Dev Server\plugins\CommandHelper\LocalPackages\creative-only\minigames\auto_include.ms:52.6
2023-11-10 07:06.12 - [CommandHelper][WARNING][compiler] (UselessCode) Empty statement. C:\Users\kiwid\Desktop\Servers\1.19 Dev Server\plugins\CommandHelper\LocalPackages\creative-only\commands.msa:308.86
2023-11-10 07:06.12 - [CommandHelper][ERROR][compiler] COMPILE ERROR: Duplicate command defined. (First occurrence found at C:\Users\kiwid\Desktop\Servers\1.19 Dev Server\plugins\CommandHelper\LocalPackages\creative-only\minigames\ArenaCreation\arenacreator.msa:18.3)
	at :C:\Users\kiwid\Desktop\Servers\1.19 Dev Server\plugins\CommandHelper\LocalPackages\creative-only\minigames\ArenaCreation\teamcreator.msa:7.3
 C:\Users\kiwid\Desktop\Servers\1.19 Dev Server\plugins\CommandHelper\LocalPackages\creative-only\minigames\ArenaCreation\teamcreator.msa:7.3
2023-11-10 07:06.16 - [CommandHelper][ERROR][runtime] ms.lang.CastException: Expecting an integer, but received "PlayerUUID" instead
	at proc _startRound:C:\Users\kiwid\Desktop\Servers\1.19 Dev Server\plugins\CommandHelper\LocalPackages\creative-only\minigames\auto_include.ms:15.37
	at proc _addPlayerQueue:C:\Users\kiwid\Desktop\Servers\1.19 Dev Server\plugins\CommandHelper\LocalPackages\creative-only\minigames\auto_include.ms:39.38
	at <<main code>>:C:\Users\kiwid\Desktop\Servers\1.19 Dev Server\plugins\CommandHelper\LocalPackages\creative-only\minigames\auto_include.ms:55.46
 C:\Users\kiwid\Desktop\Servers\1.19 Dev Server\plugins\CommandHelper\LocalPackages\creative-only\minigames\auto_include.ms:15.37
2023-11-10 07:06.53 - [CommandHelper][ERROR][runtime] ms.lang.CastException: Expecting an integer, but received "PlayerUUID" instead
	at proc _startRound:C:\Users\kiwid\Desktop\Servers\1.19 Dev Server\plugins\CommandHelper\LocalPackages\creative-only\minigames\auto_include.ms:15.37
	at proc _addPlayerQueue:C:\Users\kiwid\Desktop\Servers\1.19 Dev Server\plugins\CommandHelper\LocalPackages\creative-only\minigames\auto_include.ms:39.38
	at <<main code>>:C:\Users\kiwid\Desktop\Servers\1.19 Dev Server\plugins\CommandHelper\LocalPackages\creative-only\minigames\auto_include.ms:55.46
 C:\Users\kiwid\Desktop\Servers\1.19 Dev Server\plugins\CommandHelper\LocalPackages\creative-only\minigames\auto_include.ms:15.37
2023-11-10 07:06.57 - [CommandHelper][WARNING][compiler] (UseBareStrings) Use of bare string C:\Users\kiwid\Desktop\Servers\1.19 Dev Server\plugins\CommandHelper\LocalPackages\creative-only\minigames\auto_include.ms:50.6
2023-11-10 07:06.57 - [CommandHelper][WARNING][compiler] (UselessCode) Empty statement. C:\Users\kiwid\Desktop\Servers\1.19 Dev Server\plugins\CommandHelper\LocalPackages\creative-only\commands.msa:308.86
2023-11-10 07:06.57 - [CommandHelper][ERROR][compiler] COMPILE ERROR: Duplicate command defined. (First occurrence found at C:\Users\kiwid\Desktop\Servers\1.19 Dev Server\plugins\CommandHelper\LocalPackages\creative-only\minigames\ArenaCreation\arenacreator.msa:18.3)
	at :C:\Users\kiwid\Desktop\Servers\1.19 Dev Server\plugins\CommandHelper\LocalPackages\creative-only\minigames\ArenaCreation\teamcreator.msa:7.3
 C:\Users\kiwid\Desktop\Servers\1.19 Dev Server\plugins\CommandHelper\LocalPackages\creative-only\minigames\ArenaCreation\teamcreator.msa:7.3
2023-11-10 07:26.59 - [CommandHelper][WARNING][compiler] (UseBareStrings) Use of bare string C:\Users\kiwid\Desktop\Servers\1.19 Dev Server\plugins\CommandHelper\LocalPackages\creative-only\minigames\auto_include.ms:48.6
2023-11-10 07:26.59 - [CommandHelper][WARNING][compiler] (UselessCode) Empty statement. C:\Users\kiwid\Desktop\Servers\1.19 Dev Server\plugins\CommandHelper\LocalPackages\creative-only\commands.msa:308.86
2023-11-10 07:26.59 - [CommandHelper][ERROR][compiler] COMPILE ERROR: Duplicate command defined. (First occurrence found at C:\Users\kiwid\Desktop\Servers\1.19 Dev Server\plugins\CommandHelper\LocalPackages\creative-only\minigames\ArenaCreation\arenacreator.msa:18.3)
	at :C:\Users\kiwid\Desktop\Servers\1.19 Dev Server\plugins\CommandHelper\LocalPackages\creative-only\minigames\ArenaCreation\teamcreator.msa:7.3
 C:\Users\kiwid\Desktop\Servers\1.19 Dev Server\plugins\CommandHelper\LocalPackages\creative-only\minigames\ArenaCreation\teamcreator.msa:7.3
2023-11-10 07:27.13 - [CommandHelper][WARNING][compiler] (UseBareStrings) Use of bare string C:\Users\kiwid\Desktop\Servers\1.19 Dev Server\plugins\CommandHelper\LocalPackages\creative-only\minigames\auto_include.ms:50.6
2023-11-10 07:27.13 - [CommandHelper][WARNING][compiler] (UselessCode) Empty statement. C:\Users\kiwid\Desktop\Servers\1.19 Dev Server\plugins\CommandHelper\LocalPackages\creative-only\commands.msa:308.86
2023-11-10 07:27.13 - [CommandHelper][ERROR][compiler] COMPILE ERROR: Duplicate command defined. (First occurrence found at C:\Users\kiwid\Desktop\Servers\1.19 Dev Server\plugins\CommandHelper\LocalPackages\creative-only\minigames\ArenaCreation\arenacreator.msa:18.3)
	at :C:\Users\kiwid\Desktop\Servers\1.19 Dev Server\plugins\CommandHelper\LocalPackages\creative-only\minigames\ArenaCreation\teamcreator.msa:7.3
 C:\Users\kiwid\Desktop\Servers\1.19 Dev Server\plugins\CommandHelper\LocalPackages\creative-only\minigames\ArenaCreation\teamcreator.msa:7.3
2023-11-10 07:27.17 - [CommandHelper][ERROR][runtime] ms.lang.SQLException: No profile by the name "SELECT * FROM `gameinstances` JOIN `arenateams` ON `gameinstances`.ArenaID = `arenateams`.ArenaID WHERE GameID = ?" was found.
	at proc _startRound:C:\Users\kiwid\Desktop\Servers\1.19 Dev Server\plugins\CommandHelper\LocalPackages\creative-only\minigames\auto_include.ms:11.14
	at proc _addPlayerQueue:C:\Users\kiwid\Desktop\Servers\1.19 Dev Server\plugins\CommandHelper\LocalPackages\creative-only\minigames\auto_include.ms:37.38
	at <<main code>>:C:\Users\kiwid\Desktop\Servers\1.19 Dev Server\plugins\CommandHelper\LocalPackages\creative-only\minigames\auto_include.ms:53.46
 C:\Users\kiwid\Desktop\Servers\1.19 Dev Server\plugins\CommandHelper\LocalPackages\creative-only\minigames\auto_include.ms:11.14
2023-11-10 07:27.37 - [CommandHelper][WARNING][compiler] (UseBareStrings) Use of bare string C:\Users\kiwid\Desktop\Servers\1.19 Dev Server\plugins\CommandHelper\LocalPackages\creative-only\minigames\auto_include.ms:50.6
2023-11-10 07:27.37 - [CommandHelper][WARNING][compiler] (UselessCode) Empty statement. C:\Users\kiwid\Desktop\Servers\1.19 Dev Server\plugins\CommandHelper\LocalPackages\creative-only\commands.msa:308.86
2023-11-10 07:27.37 - [CommandHelper][ERROR][compiler] COMPILE ERROR: Duplicate command defined. (First occurrence found at C:\Users\kiwid\Desktop\Servers\1.19 Dev Server\plugins\CommandHelper\LocalPackages\creative-only\minigames\ArenaCreation\arenacreator.msa:18.3)
	at :C:\Users\kiwid\Desktop\Servers\1.19 Dev Server\plugins\CommandHelper\LocalPackages\creative-only\minigames\ArenaCreation\teamcreator.msa:7.3
 C:\Users\kiwid\Desktop\Servers\1.19 Dev Server\plugins\CommandHelper\LocalPackages\creative-only\minigames\ArenaCreation\teamcreator.msa:7.3
2023-11-10 07:28.29 - [CommandHelper][WARNING][compiler] (UseBareStrings) Use of bare string C:\Users\kiwid\Desktop\Servers\1.19 Dev Server\plugins\CommandHelper\LocalPackages\creative-only\minigames\auto_include.ms:52.6
2023-11-10 07:28.29 - [CommandHelper][WARNING][compiler] (UselessCode) Empty statement. C:\Users\kiwid\Desktop\Servers\1.19 Dev Server\plugins\CommandHelper\LocalPackages\creative-only\commands.msa:308.86
2023-11-10 07:28.29 - [CommandHelper][ERROR][compiler] COMPILE ERROR: Duplicate command defined. (First occurrence found at C:\Users\kiwid\Desktop\Servers\1.19 Dev Server\plugins\CommandHelper\LocalPackages\creative-only\minigames\ArenaCreation\arenacreator.msa:18.3)
	at :C:\Users\kiwid\Desktop\Servers\1.19 Dev Server\plugins\CommandHelper\LocalPackages\creative-only\minigames\ArenaCreation\teamcreator.msa:7.3
 C:\Users\kiwid\Desktop\Servers\1.19 Dev Server\plugins\CommandHelper\LocalPackages\creative-only\minigames\ArenaCreation\teamcreator.msa:7.3
2023-11-10 07:28.39 - [CommandHelper][WARNING][compiler] (UseBareStrings) Use of bare string C:\Users\kiwid\Desktop\Servers\1.19 Dev Server\plugins\CommandHelper\LocalPackages\creative-only\minigames\auto_include.ms:52.6
2023-11-10 07:28.39 - [CommandHelper][WARNING][compiler] (UselessCode) Empty statement. C:\Users\kiwid\Desktop\Servers\1.19 Dev Server\plugins\CommandHelper\LocalPackages\creative-only\commands.msa:308.86
2023-11-10 07:28.39 - [CommandHelper][ERROR][compiler] COMPILE ERROR: Duplicate command defined. (First occurrence found at C:\Users\kiwid\Desktop\Servers\1.19 Dev Server\plugins\CommandHelper\LocalPackages\creative-only\minigames\ArenaCreation\arenacreator.msa:18.3)
	at :C:\Users\kiwid\Desktop\Servers\1.19 Dev Server\plugins\CommandHelper\LocalPackages\creative-only\minigames\ArenaCreation\teamcreator.msa:7.3
 C:\Users\kiwid\Desktop\Servers\1.19 Dev Server\plugins\CommandHelper\LocalPackages\creative-only\minigames\ArenaCreation\teamcreator.msa:7.3
2023-11-10 07:29.10 - [CommandHelper][WARNING][compiler] (UseBareStrings) Use of bare string C:\Users\kiwid\Desktop\Servers\1.19 Dev Server\plugins\CommandHelper\LocalPackages\creative-only\minigames\auto_include.ms:52.6
2023-11-10 07:29.10 - [CommandHelper][WARNING][compiler] (UselessCode) Empty statement. C:\Users\kiwid\Desktop\Servers\1.19 Dev Server\plugins\CommandHelper\LocalPackages\creative-only\commands.msa:308.86
2023-11-10 07:29.10 - [CommandHelper][ERROR][compiler] COMPILE ERROR: Duplicate command defined. (First occurrence found at C:\Users\kiwid\Desktop\Servers\1.19 Dev Server\plugins\CommandHelper\LocalPackages\creative-only\minigames\ArenaCreation\arenacreator.msa:18.3)
	at :C:\Users\kiwid\Desktop\Servers\1.19 Dev Server\plugins\CommandHelper\LocalPackages\creative-only\minigames\ArenaCreation\teamcreator.msa:7.3
 C:\Users\kiwid\Desktop\Servers\1.19 Dev Server\plugins\CommandHelper\LocalPackages\creative-only\minigames\ArenaCreation\teamcreator.msa:7.3
