2023-10-13 00:48.37 - [CommandHelper][WARNING][compiler] (UselessCode) Empty statement. C:\Users\kiwid\Desktop\Servers\1.19 Dev Server\plugins\CommandHelper\LocalPackages\creative-only\commands.msa:308.86
2023-10-13 00:48.37 - [CommandHelper][WARNING][compiler] (UselessCode) Empty statement. C:\Users\kiwid\Desktop\Servers\1.19 Dev Server\plugins\CommandHelper\LocalPackages\creative-only\home\home.msa:41.75
2023-10-13 00:48.37 - [CommandHelper][ERROR][runtime] ms.lang.InvalidProcedureException: Unknown procedure "_config_get"
	at <<main code>>:C:\Users\kiwid\Desktop\Servers\1.19 Dev Server\plugins\CommandHelper\LocalPackages\creative-only\home\warp.ms:11.5
 C:\Users\kiwid\Desktop\Servers\1.19 Dev Server\plugins\CommandHelper\LocalPackages\creative-only\home\warp.ms:11.5
2023-10-13 00:48.53 - [CommandHelper][ALWAYS][general] An update is available!
2023-10-13 00:51.46 - [CommandHelper][WARNING][compiler] (UselessCode) Empty statement. C:\Users\kiwid\Desktop\Servers\1.19 Dev Server\plugins\CommandHelper\LocalPackages\creative-only\commands.msa:308.86
2023-10-13 00:51.46 - [CommandHelper][WARNING][compiler] (UselessCode) Empty statement. C:\Users\kiwid\Desktop\Servers\1.19 Dev Server\plugins\CommandHelper\LocalPackages\creative-only\home\home.msa:41.75
2023-10-13 00:51.46 - [CommandHelper][ERROR][runtime] ms.lang.InvalidProcedureException: Unknown procedure "_config_get"
	at <<main code>>:C:\Users\kiwid\Desktop\Servers\1.19 Dev Server\plugins\CommandHelper\LocalPackages\creative-only\home\warp.ms:11.5
 C:\Users\kiwid\Desktop\Servers\1.19 Dev Server\plugins\CommandHelper\LocalPackages\creative-only\home\warp.ms:11.5
2023-10-13 01:35.57 - [CommandHelper][WARNING][compiler] (UselessCode) Empty statement. C:\Users\kiwid\Desktop\Servers\1.19 Dev Server\plugins\CommandHelper\LocalPackages\creative-only\commands.msa:308.86
2023-10-13 01:35.57 - [CommandHelper][WARNING][compiler] (UselessCode) Empty statement. C:\Users\kiwid\Desktop\Servers\1.19 Dev Server\plugins\CommandHelper\LocalPackages\creative-only\home\home.msa:41.75
2023-10-13 01:35.57 - [CommandHelper][ERROR][runtime] ms.lang.InvalidProcedureException: Unknown procedure "_config_get"
	at <<main code>>:C:\Users\kiwid\Desktop\Servers\1.19 Dev Server\plugins\CommandHelper\LocalPackages\creative-only\home\warp.ms:11.5
 C:\Users\kiwid\Desktop\Servers\1.19 Dev Server\plugins\CommandHelper\LocalPackages\creative-only\home\warp.ms:11.5
2023-10-13 01:36.06 - [CommandHelper][ERROR][runtime] ms.lang.CastException: Argument 1 of array_get must be an array
	at <<main code>>:C:\Users\kiwid\Desktop\Servers\1.19 Dev Server\plugins\CommandHelper\LocalPackages\creative-only\minigames\arenacreator.msa:5.67
 C:\Users\kiwid\Desktop\Servers\1.19 Dev Server\plugins\CommandHelper\LocalPackages\creative-only\minigames\arenacreator.msa:5.67
2023-10-13 01:41.14 - [CommandHelper][WARNING][compiler] (UselessCode) Empty statement. C:\Users\kiwid\Desktop\Servers\1.19 Dev Server\plugins\CommandHelper\LocalPackages\creative-only\commands.msa:308.86
2023-10-13 01:41.14 - [CommandHelper][WARNING][compiler] (UselessCode) Empty statement. C:\Users\kiwid\Desktop\Servers\1.19 Dev Server\plugins\CommandHelper\LocalPackages\creative-only\home\home.msa:41.75
2023-10-13 01:41.14 - [CommandHelper][ERROR][runtime] ms.lang.InvalidProcedureException: Unknown procedure "_config_get"
	at <<main code>>:C:\Users\kiwid\Desktop\Servers\1.19 Dev Server\plugins\CommandHelper\LocalPackages\creative-only\home\warp.ms:11.5
 C:\Users\kiwid\Desktop\Servers\1.19 Dev Server\plugins\CommandHelper\LocalPackages\creative-only\home\warp.ms:11.5
2023-10-13 01:44.03 - [CommandHelper][WARNING][compiler] (UselessCode) Empty statement. C:\Users\kiwid\Desktop\Servers\1.19 Dev Server\plugins\CommandHelper\LocalPackages\creative-only\commands.msa:308.86
2023-10-13 01:44.03 - [CommandHelper][WARNING][compiler] (UselessCode) Empty statement. C:\Users\kiwid\Desktop\Servers\1.19 Dev Server\plugins\CommandHelper\LocalPackages\creative-only\home\home.msa:41.75
2023-10-13 01:44.03 - [CommandHelper][ERROR][runtime] ms.lang.InvalidProcedureException: Unknown procedure "_config_get"
	at <<main code>>:C:\Users\kiwid\Desktop\Servers\1.19 Dev Server\plugins\CommandHelper\LocalPackages\creative-only\home\warp.ms:11.5
 C:\Users\kiwid\Desktop\Servers\1.19 Dev Server\plugins\CommandHelper\LocalPackages\creative-only\home\warp.ms:11.5
2023-10-13 01:47.26 - [CommandHelper][WARNING][compiler] (UselessCode) Empty statement. C:\Users\kiwid\Desktop\Servers\1.19 Dev Server\plugins\CommandHelper\LocalPackages\creative-only\commands.msa:308.86
2023-10-13 01:47.26 - [CommandHelper][WARNING][compiler] (UselessCode) Empty statement. C:\Users\kiwid\Desktop\Servers\1.19 Dev Server\plugins\CommandHelper\LocalPackages\creative-only\home\home.msa:41.75
2023-10-13 01:47.26 - [CommandHelper][ERROR][runtime] ms.lang.InvalidProcedureException: Unknown procedure "_config_get"
	at <<main code>>:C:\Users\kiwid\Desktop\Servers\1.19 Dev Server\plugins\CommandHelper\LocalPackages\creative-only\home\warp.ms:11.5
 C:\Users\kiwid\Desktop\Servers\1.19 Dev Server\plugins\CommandHelper\LocalPackages\creative-only\home\warp.ms:11.5
2023-10-13 01:47.31 - [CommandHelper][ERROR][runtime] ms.lang.InvalidProcedureException: Unknown procedure "_mgErrorMessage"
	at <<main code>>:C:\Users\kiwid\Desktop\Servers\1.19 Dev Server\plugins\CommandHelper\LocalPackages\creative-only\minigames\arenacreator.msa:9.9
 C:\Users\kiwid\Desktop\Servers\1.19 Dev Server\plugins\CommandHelper\LocalPackages\creative-only\minigames\arenacreator.msa:9.9
2023-10-13 01:49.32 - [CommandHelper][WARNING][compiler] (UselessCode) Empty statement. C:\Users\kiwid\Desktop\Servers\1.19 Dev Server\plugins\CommandHelper\LocalPackages\creative-only\commands.msa:308.86
2023-10-13 01:49.32 - [CommandHelper][WARNING][compiler] (UselessCode) Empty statement. C:\Users\kiwid\Desktop\Servers\1.19 Dev Server\plugins\CommandHelper\LocalPackages\creative-only\home\home.msa:41.75
2023-10-13 01:49.32 - [CommandHelper][ERROR][runtime] ms.lang.InvalidProcedureException: Unknown procedure "_config_get"
	at <<main code>>:C:\Users\kiwid\Desktop\Servers\1.19 Dev Server\plugins\CommandHelper\LocalPackages\creative-only\home\warp.ms:11.5
 C:\Users\kiwid\Desktop\Servers\1.19 Dev Server\plugins\CommandHelper\LocalPackages\creative-only\home\warp.ms:11.5
2023-10-13 08:24.29 - [CommandHelper][WARNING][compiler] (UselessCode) Empty statement. C:\Users\kiwid\Desktop\Servers\1.19 Dev Server\plugins\CommandHelper\LocalPackages\creative-only\commands.msa:308.86
2023-10-13 08:24.29 - [CommandHelper][WARNING][compiler] (UselessCode) Empty statement. C:\Users\kiwid\Desktop\Servers\1.19 Dev Server\plugins\CommandHelper\LocalPackages\creative-only\home\home.msa:41.75
2023-10-13 08:24.29 - [CommandHelper][ERROR][runtime] ms.lang.InvalidProcedureException: Unknown procedure "_config_get"
	at <<main code>>:C:\Users\kiwid\Desktop\Servers\1.19 Dev Server\plugins\CommandHelper\LocalPackages\creative-only\home\warp.ms:11.5
 C:\Users\kiwid\Desktop\Servers\1.19 Dev Server\plugins\CommandHelper\LocalPackages\creative-only\home\warp.ms:11.5
2023-10-13 08:24.46 - [CommandHelper][ALWAYS][general] An update is available!
2023-10-13 08:50.06 - [CommandHelper][WARNING][compiler] (UselessCode) Empty statement. C:\Users\kiwid\Desktop\Servers\1.19 Dev Server\plugins\CommandHelper\LocalPackages\creative-only\commands.msa:308.86
2023-10-13 08:50.06 - [CommandHelper][WARNING][compiler] (UselessCode) Empty statement. C:\Users\kiwid\Desktop\Servers\1.19 Dev Server\plugins\CommandHelper\LocalPackages\creative-only\home\home.msa:41.75
2023-10-13 08:50.06 - [CommandHelper][ERROR][runtime] ms.lang.InvalidProcedureException: Unknown procedure "_config_get"
	at <<main code>>:C:\Users\kiwid\Desktop\Servers\1.19 Dev Server\plugins\CommandHelper\LocalPackages\creative-only\home\warp.ms:11.5
 C:\Users\kiwid\Desktop\Servers\1.19 Dev Server\plugins\CommandHelper\LocalPackages\creative-only\home\warp.ms:11.5
2023-10-13 08:51.04 - [CommandHelper][WARNING][compiler] (UselessCode) Empty statement. C:\Users\kiwid\Desktop\Servers\1.19 Dev Server\plugins\CommandHelper\LocalPackages\creative-only\commands.msa:308.86
2023-10-13 08:51.04 - [CommandHelper][WARNING][compiler] (UselessCode) Empty statement. C:\Users\kiwid\Desktop\Servers\1.19 Dev Server\plugins\CommandHelper\LocalPackages\creative-only\home\home.msa:41.75
2023-10-13 08:51.04 - [CommandHelper][ERROR][runtime] ms.lang.InvalidProcedureException: Unknown procedure "_config_get"
	at <<main code>>:C:\Users\kiwid\Desktop\Servers\1.19 Dev Server\plugins\CommandHelper\LocalPackages\creative-only\home\warp.ms:11.5
 C:\Users\kiwid\Desktop\Servers\1.19 Dev Server\plugins\CommandHelper\LocalPackages\creative-only\home\warp.ms:11.5
2023-10-13 08:51.30 - [CommandHelper][WARNING][compiler] (UselessCode) Empty statement. C:\Users\kiwid\Desktop\Servers\1.19 Dev Server\plugins\CommandHelper\LocalPackages\creative-only\commands.msa:308.86
2023-10-13 08:51.30 - [CommandHelper][WARNING][compiler] (UselessCode) Empty statement. C:\Users\kiwid\Desktop\Servers\1.19 Dev Server\plugins\CommandHelper\LocalPackages\creative-only\home\home.msa:41.75
2023-10-13 08:51.30 - [CommandHelper][ERROR][runtime] ms.lang.InvalidProcedureException: Unknown procedure "_config_get"
	at <<main code>>:C:\Users\kiwid\Desktop\Servers\1.19 Dev Server\plugins\CommandHelper\LocalPackages\creative-only\home\warp.ms:11.5
 C:\Users\kiwid\Desktop\Servers\1.19 Dev Server\plugins\CommandHelper\LocalPackages\creative-only\home\warp.ms:11.5
2023-10-13 08:51.31 - [CommandHelper][ERROR][runtime] ms.lang.IndexOverflowException: The element at index "1" does not exist
	at <<main code>>:C:\Users\kiwid\Desktop\Servers\1.19 Dev Server\plugins\CommandHelper\LocalPackages\creative-only\minigames\arenacreator.msa:29.47
 C:\Users\kiwid\Desktop\Servers\1.19 Dev Server\plugins\CommandHelper\LocalPackages\creative-only\minigames\arenacreator.msa:29.47
2023-10-13 08:52.01 - [CommandHelper][WARNING][compiler] (UselessCode) Empty statement. C:\Users\kiwid\Desktop\Servers\1.19 Dev Server\plugins\CommandHelper\LocalPackages\creative-only\commands.msa:308.86
2023-10-13 08:52.01 - [CommandHelper][WARNING][compiler] (UselessCode) Empty statement. C:\Users\kiwid\Desktop\Servers\1.19 Dev Server\plugins\CommandHelper\LocalPackages\creative-only\home\home.msa:41.75
2023-10-13 08:52.01 - [CommandHelper][ERROR][runtime] ms.lang.InvalidProcedureException: Unknown procedure "_config_get"
	at <<main code>>:C:\Users\kiwid\Desktop\Servers\1.19 Dev Server\plugins\CommandHelper\LocalPackages\creative-only\home\warp.ms:11.5
 C:\Users\kiwid\Desktop\Servers\1.19 Dev Server\plugins\CommandHelper\LocalPackages\creative-only\home\warp.ms:11.5
2023-10-13 08:53.15 - [CommandHelper][WARNING][compiler] (UselessCode) Empty statement. C:\Users\kiwid\Desktop\Servers\1.19 Dev Server\plugins\CommandHelper\LocalPackages\creative-only\commands.msa:308.86
2023-10-13 08:53.15 - [CommandHelper][WARNING][compiler] (UselessCode) Empty statement. C:\Users\kiwid\Desktop\Servers\1.19 Dev Server\plugins\CommandHelper\LocalPackages\creative-only\home\home.msa:41.75
2023-10-13 08:53.15 - [CommandHelper][ERROR][runtime] ms.lang.InvalidProcedureException: Unknown procedure "_config_get"
	at <<main code>>:C:\Users\kiwid\Desktop\Servers\1.19 Dev Server\plugins\CommandHelper\LocalPackages\creative-only\home\warp.ms:11.5
 C:\Users\kiwid\Desktop\Servers\1.19 Dev Server\plugins\CommandHelper\LocalPackages\creative-only\home\warp.ms:11.5
2023-10-13 08:53.15 - [CommandHelper][ERROR][runtime] ms.lang.IndexOverflowException: The element at index "0" does not exist
	at <<main code>>:C:\Users\kiwid\Desktop\Servers\1.19 Dev Server\plugins\CommandHelper\LocalPackages\creative-only\minigames\arenacreator.msa:30.24
 C:\Users\kiwid\Desktop\Servers\1.19 Dev Server\plugins\CommandHelper\LocalPackages\creative-only\minigames\arenacreator.msa:30.24
2023-10-13 08:53.38 - [CommandHelper][WARNING][compiler] (UselessCode) Empty statement. C:\Users\kiwid\Desktop\Servers\1.19 Dev Server\plugins\CommandHelper\LocalPackages\creative-only\commands.msa:308.86
2023-10-13 08:53.38 - [CommandHelper][WARNING][compiler] (UselessCode) Empty statement. C:\Users\kiwid\Desktop\Servers\1.19 Dev Server\plugins\CommandHelper\LocalPackages\creative-only\home\home.msa:41.75
2023-10-13 08:53.38 - [CommandHelper][ERROR][runtime] ms.lang.InvalidProcedureException: Unknown procedure "_config_get"
	at <<main code>>:C:\Users\kiwid\Desktop\Servers\1.19 Dev Server\plugins\CommandHelper\LocalPackages\creative-only\home\warp.ms:11.5
 C:\Users\kiwid\Desktop\Servers\1.19 Dev Server\plugins\CommandHelper\LocalPackages\creative-only\home\warp.ms:11.5
2023-10-13 08:53.39 - [CommandHelper][ERROR][runtime] ms.lang.IndexOverflowException: The element at index "0" does not exist
	at <<main code>>:C:\Users\kiwid\Desktop\Servers\1.19 Dev Server\plugins\CommandHelper\LocalPackages\creative-only\minigames\arenacreator.msa:30.17
 C:\Users\kiwid\Desktop\Servers\1.19 Dev Server\plugins\CommandHelper\LocalPackages\creative-only\minigames\arenacreator.msa:30.17
2023-10-13 08:54.40 - [CommandHelper][WARNING][compiler] (UselessCode) Empty statement. C:\Users\kiwid\Desktop\Servers\1.19 Dev Server\plugins\CommandHelper\LocalPackages\creative-only\commands.msa:308.86
2023-10-13 08:54.40 - [CommandHelper][WARNING][compiler] (UselessCode) Empty statement. C:\Users\kiwid\Desktop\Servers\1.19 Dev Server\plugins\CommandHelper\LocalPackages\creative-only\home\home.msa:41.75
2023-10-13 08:54.40 - [CommandHelper][ERROR][runtime] ms.lang.InvalidProcedureException: Unknown procedure "_config_get"
	at <<main code>>:C:\Users\kiwid\Desktop\Servers\1.19 Dev Server\plugins\CommandHelper\LocalPackages\creative-only\home\warp.ms:11.5
 C:\Users\kiwid\Desktop\Servers\1.19 Dev Server\plugins\CommandHelper\LocalPackages\creative-only\home\warp.ms:11.5
2023-10-13 08:56.03 - [CommandHelper][WARNING][compiler] (UselessCode) Empty statement. C:\Users\kiwid\Desktop\Servers\1.19 Dev Server\plugins\CommandHelper\LocalPackages\creative-only\commands.msa:308.86
2023-10-13 08:56.03 - [CommandHelper][WARNING][compiler] (UselessCode) Empty statement. C:\Users\kiwid\Desktop\Servers\1.19 Dev Server\plugins\CommandHelper\LocalPackages\creative-only\home\home.msa:41.75
2023-10-13 08:56.03 - [CommandHelper][ERROR][runtime] ms.lang.InvalidProcedureException: Unknown procedure "_config_get"
	at <<main code>>:C:\Users\kiwid\Desktop\Servers\1.19 Dev Server\plugins\CommandHelper\LocalPackages\creative-only\home\warp.ms:11.5
 C:\Users\kiwid\Desktop\Servers\1.19 Dev Server\plugins\CommandHelper\LocalPackages\creative-only\home\warp.ms:11.5
2023-10-13 08:56.19 - [CommandHelper][WARNING][compiler] (UselessCode) Empty statement. C:\Users\kiwid\Desktop\Servers\1.19 Dev Server\plugins\CommandHelper\LocalPackages\creative-only\commands.msa:308.86
2023-10-13 08:56.19 - [CommandHelper][WARNING][compiler] (UselessCode) Empty statement. C:\Users\kiwid\Desktop\Servers\1.19 Dev Server\plugins\CommandHelper\LocalPackages\creative-only\home\home.msa:41.75
2023-10-13 08:56.19 - [CommandHelper][ERROR][runtime] ms.lang.InvalidProcedureException: Unknown procedure "_config_get"
	at <<main code>>:C:\Users\kiwid\Desktop\Servers\1.19 Dev Server\plugins\CommandHelper\LocalPackages\creative-only\home\warp.ms:11.5
 C:\Users\kiwid\Desktop\Servers\1.19 Dev Server\plugins\CommandHelper\LocalPackages\creative-only\home\warp.ms:11.5
2023-10-13 08:57.02 - [CommandHelper][WARNING][compiler] (UselessCode) Empty statement. C:\Users\kiwid\Desktop\Servers\1.19 Dev Server\plugins\CommandHelper\LocalPackages\creative-only\commands.msa:308.86
2023-10-13 08:57.02 - [CommandHelper][WARNING][compiler] (UselessCode) Empty statement. C:\Users\kiwid\Desktop\Servers\1.19 Dev Server\plugins\CommandHelper\LocalPackages\creative-only\home\home.msa:41.75
2023-10-13 08:57.02 - [CommandHelper][ERROR][runtime] ms.lang.InvalidProcedureException: Unknown procedure "_config_get"
	at <<main code>>:C:\Users\kiwid\Desktop\Servers\1.19 Dev Server\plugins\CommandHelper\LocalPackages\creative-only\home\warp.ms:11.5
 C:\Users\kiwid\Desktop\Servers\1.19 Dev Server\plugins\CommandHelper\LocalPackages\creative-only\home\warp.ms:11.5
2023-10-13 08:58.06 - [CommandHelper][WARNING][compiler] (UselessCode) Empty statement. C:\Users\kiwid\Desktop\Servers\1.19 Dev Server\plugins\CommandHelper\LocalPackages\creative-only\commands.msa:308.86
2023-10-13 08:58.06 - [CommandHelper][WARNING][compiler] (UselessCode) Empty statement. C:\Users\kiwid\Desktop\Servers\1.19 Dev Server\plugins\CommandHelper\LocalPackages\creative-only\home\home.msa:41.75
2023-10-13 08:58.06 - [CommandHelper][ERROR][compiler] COMPILE ERROR: Unexpected token in optional variable
	at :C:\Users\kiwid\Desktop\Servers\1.19 Dev Server\plugins\CommandHelper\LocalPackages\creative-only\minigames\arenacreator.msa:22.18
 C:\Users\kiwid\Desktop\Servers\1.19 Dev Server\plugins\CommandHelper\LocalPackages\creative-only\minigames\arenacreator.msa:22.18
2023-10-13 08:58.29 - [CommandHelper][WARNING][compiler] (UselessCode) Empty statement. C:\Users\kiwid\Desktop\Servers\1.19 Dev Server\plugins\CommandHelper\LocalPackages\creative-only\commands.msa:308.86
2023-10-13 08:58.29 - [CommandHelper][WARNING][compiler] (UselessCode) Empty statement. C:\Users\kiwid\Desktop\Servers\1.19 Dev Server\plugins\CommandHelper\LocalPackages\creative-only\home\home.msa:41.75
2023-10-13 08:58.29 - [CommandHelper][ERROR][runtime] ms.lang.InvalidProcedureException: Unknown procedure "_config_get"
	at <<main code>>:C:\Users\kiwid\Desktop\Servers\1.19 Dev Server\plugins\CommandHelper\LocalPackages\creative-only\home\warp.ms:11.5
 C:\Users\kiwid\Desktop\Servers\1.19 Dev Server\plugins\CommandHelper\LocalPackages\creative-only\home\warp.ms:11.5
2023-10-13 09:02.33 - [CommandHelper][WARNING][compiler] (UselessCode) Empty statement. C:\Users\kiwid\Desktop\Servers\1.19 Dev Server\plugins\CommandHelper\LocalPackages\creative-only\commands.msa:308.86
2023-10-13 09:02.33 - [CommandHelper][WARNING][compiler] (UselessCode) Empty statement. C:\Users\kiwid\Desktop\Servers\1.19 Dev Server\plugins\CommandHelper\LocalPackages\creative-only\home\home.msa:41.75
2023-10-13 09:02.33 - [CommandHelper][ERROR][runtime] ms.lang.InvalidProcedureException: Unknown procedure "_config_get"
	at <<main code>>:C:\Users\kiwid\Desktop\Servers\1.19 Dev Server\plugins\CommandHelper\LocalPackages\creative-only\home\warp.ms:11.5
 C:\Users\kiwid\Desktop\Servers\1.19 Dev Server\plugins\CommandHelper\LocalPackages\creative-only\home\warp.ms:11.5
2023-10-13 09:03.39 - [CommandHelper][WARNING][compiler] (UselessCode) Empty statement. C:\Users\kiwid\Desktop\Servers\1.19 Dev Server\plugins\CommandHelper\LocalPackages\creative-only\commands.msa:308.86
2023-10-13 09:03.39 - [CommandHelper][WARNING][compiler] (UselessCode) Empty statement. C:\Users\kiwid\Desktop\Servers\1.19 Dev Server\plugins\CommandHelper\LocalPackages\creative-only\home\home.msa:41.75
2023-10-13 09:03.39 - [CommandHelper][ERROR][runtime] ms.lang.InvalidProcedureException: Unknown procedure "_config_get"
	at <<main code>>:C:\Users\kiwid\Desktop\Servers\1.19 Dev Server\plugins\CommandHelper\LocalPackages\creative-only\home\warp.ms:11.5
 C:\Users\kiwid\Desktop\Servers\1.19 Dev Server\plugins\CommandHelper\LocalPackages\creative-only\home\warp.ms:11.5
2023-10-13 09:03.55 - [CommandHelper][ALWAYS][general] An update is available!
2023-10-13 10:48.03 - [CommandHelper][WARNING][compiler] (UselessCode) Empty statement. C:\Users\kiwid\Desktop\Servers\1.19 Dev Server\plugins\CommandHelper\LocalPackages\creative-only\commands.msa:308.86
2023-10-13 10:48.03 - [CommandHelper][WARNING][compiler] (UselessCode) Empty statement. C:\Users\kiwid\Desktop\Servers\1.19 Dev Server\plugins\CommandHelper\LocalPackages\creative-only\home\home.msa:41.75
2023-10-13 10:48.03 - [CommandHelper][ERROR][compiler] COMPILE ERROR: Expected command (/command) at start of alias. Instead, found IVARIABLE (@sqldatabase)
	at :C:\Users\kiwid\Desktop\Servers\1.19 Dev Server\plugins\CommandHelper\LocalPackages\creative-only\minigames\arenacreator.msa:3.1
 C:\Users\kiwid\Desktop\Servers\1.19 Dev Server\plugins\CommandHelper\LocalPackages\creative-only\minigames\arenacreator.msa:3.1
2023-10-13 10:50.01 - [CommandHelper][WARNING][compiler] (UselessCode) Empty statement. C:\Users\kiwid\Desktop\Servers\1.19 Dev Server\plugins\CommandHelper\LocalPackages\creative-only\commands.msa:308.86
2023-10-13 10:50.01 - [CommandHelper][WARNING][compiler] (UselessCode) Empty statement. C:\Users\kiwid\Desktop\Servers\1.19 Dev Server\plugins\CommandHelper\LocalPackages\creative-only\home\home.msa:41.75
2023-10-13 10:50.01 - [CommandHelper][ERROR][runtime] ms.lang.InvalidProcedureException: Unknown procedure "_config_get"
	at <<main code>>:C:\Users\kiwid\Desktop\Servers\1.19 Dev Server\plugins\CommandHelper\LocalPackages\creative-only\home\warp.ms:11.5
 C:\Users\kiwid\Desktop\Servers\1.19 Dev Server\plugins\CommandHelper\LocalPackages\creative-only\home\warp.ms:11.5
2023-10-13 10:51.30 - [CommandHelper][WARNING][compiler] (UselessCode) Empty statement. C:\Users\kiwid\Desktop\Servers\1.19 Dev Server\plugins\CommandHelper\LocalPackages\creative-only\commands.msa:308.86
2023-10-13 10:51.30 - [CommandHelper][WARNING][compiler] (UselessCode) Empty statement. C:\Users\kiwid\Desktop\Servers\1.19 Dev Server\plugins\CommandHelper\LocalPackages\creative-only\home\home.msa:41.75
2023-10-13 10:51.30 - [CommandHelper][ERROR][runtime] ms.lang.InvalidProcedureException: Unknown procedure "_config_get"
	at <<main code>>:C:\Users\kiwid\Desktop\Servers\1.19 Dev Server\plugins\CommandHelper\LocalPackages\creative-only\home\warp.ms:11.5
 C:\Users\kiwid\Desktop\Servers\1.19 Dev Server\plugins\CommandHelper\LocalPackages\creative-only\home\warp.ms:11.5
2023-10-13 10:52.12 - [CommandHelper][WARNING][compiler] (UselessCode) Empty statement. C:\Users\kiwid\Desktop\Servers\1.19 Dev Server\plugins\CommandHelper\LocalPackages\creative-only\commands.msa:308.86
2023-10-13 10:52.12 - [CommandHelper][WARNING][compiler] (UselessCode) Empty statement. C:\Users\kiwid\Desktop\Servers\1.19 Dev Server\plugins\CommandHelper\LocalPackages\creative-only\home\home.msa:41.75
2023-10-13 10:52.12 - [CommandHelper][ERROR][runtime] ms.lang.InvalidProcedureException: Unknown procedure "_config_get"
	at <<main code>>:C:\Users\kiwid\Desktop\Servers\1.19 Dev Server\plugins\CommandHelper\LocalPackages\creative-only\home\warp.ms:11.5
 C:\Users\kiwid\Desktop\Servers\1.19 Dev Server\plugins\CommandHelper\LocalPackages\creative-only\home\warp.ms:11.5
2023-10-13 10:55.28 - [CommandHelper][WARNING][compiler] (UselessCode) Empty statement. C:\Users\kiwid\Desktop\Servers\1.19 Dev Server\plugins\CommandHelper\LocalPackages\creative-only\commands.msa:308.86
2023-10-13 10:55.28 - [CommandHelper][WARNING][compiler] (UselessCode) Empty statement. C:\Users\kiwid\Desktop\Servers\1.19 Dev Server\plugins\CommandHelper\LocalPackages\creative-only\home\home.msa:41.75
2023-10-13 10:55.28 - [CommandHelper][ERROR][runtime] ms.lang.InvalidProcedureException: Unknown procedure "_config_get"
	at <<main code>>:C:\Users\kiwid\Desktop\Servers\1.19 Dev Server\plugins\CommandHelper\LocalPackages\creative-only\home\warp.ms:11.5
 C:\Users\kiwid\Desktop\Servers\1.19 Dev Server\plugins\CommandHelper\LocalPackages\creative-only\home\warp.ms:11.5
2023-10-13 10:58.04 - [CommandHelper][WARNING][compiler] (UselessCode) Empty statement. C:\Users\kiwid\Desktop\Servers\1.19 Dev Server\plugins\CommandHelper\LocalPackages\creative-only\commands.msa:308.86
2023-10-13 10:58.04 - [CommandHelper][WARNING][compiler] (UselessCode) Empty statement. C:\Users\kiwid\Desktop\Servers\1.19 Dev Server\plugins\CommandHelper\LocalPackages\creative-only\home\home.msa:41.75
2023-10-13 10:58.04 - [CommandHelper][ERROR][runtime] ms.lang.InvalidProcedureException: Unknown procedure "_config_get"
	at <<main code>>:C:\Users\kiwid\Desktop\Servers\1.19 Dev Server\plugins\CommandHelper\LocalPackages\creative-only\home\warp.ms:11.5
 C:\Users\kiwid\Desktop\Servers\1.19 Dev Server\plugins\CommandHelper\LocalPackages\creative-only\home\warp.ms:11.5
2023-10-13 11:00.04 - [CommandHelper][WARNING][compiler] (UselessCode) Empty statement. C:\Users\kiwid\Desktop\Servers\1.19 Dev Server\plugins\CommandHelper\LocalPackages\creative-only\commands.msa:308.86
2023-10-13 11:00.04 - [CommandHelper][WARNING][compiler] (UselessCode) Empty statement. C:\Users\kiwid\Desktop\Servers\1.19 Dev Server\plugins\CommandHelper\LocalPackages\creative-only\home\home.msa:41.75
2023-10-13 11:00.04 - [CommandHelper][ERROR][runtime] ms.lang.InvalidProcedureException: Unknown procedure "_config_get"
	at <<main code>>:C:\Users\kiwid\Desktop\Servers\1.19 Dev Server\plugins\CommandHelper\LocalPackages\creative-only\home\warp.ms:11.5
 C:\Users\kiwid\Desktop\Servers\1.19 Dev Server\plugins\CommandHelper\LocalPackages\creative-only\home\warp.ms:11.5
2023-10-13 11:00.57 - [CommandHelper][WARNING][compiler] (UselessCode) Empty statement. C:\Users\kiwid\Desktop\Servers\1.19 Dev Server\plugins\CommandHelper\LocalPackages\creative-only\commands.msa:308.86
2023-10-13 11:00.57 - [CommandHelper][WARNING][compiler] (UselessCode) Empty statement. C:\Users\kiwid\Desktop\Servers\1.19 Dev Server\plugins\CommandHelper\LocalPackages\creative-only\home\home.msa:41.75
2023-10-13 11:00.57 - [CommandHelper][ERROR][runtime] ms.lang.InvalidProcedureException: Unknown procedure "_config_get"
	at <<main code>>:C:\Users\kiwid\Desktop\Servers\1.19 Dev Server\plugins\CommandHelper\LocalPackages\creative-only\home\warp.ms:11.5
 C:\Users\kiwid\Desktop\Servers\1.19 Dev Server\plugins\CommandHelper\LocalPackages\creative-only\home\warp.ms:11.5
2023-10-13 11:00.59 - [CommandHelper][ERROR][runtime] com.commandhelper.PlayerOfflineException: No matching player could be found.
	at <<main code>>:C:\Users\kiwid\Desktop\Servers\1.19 Dev Server\plugins\CommandHelper\LocalPackages\creative-only\minigames\arenacreator.msa:41.88
 C:\Users\kiwid\Desktop\Servers\1.19 Dev Server\plugins\CommandHelper\LocalPackages\creative-only\minigames\arenacreator.msa:41.88
2023-10-13 11:02.31 - [CommandHelper][WARNING][compiler] (UselessCode) Empty statement. C:\Users\kiwid\Desktop\Servers\1.19 Dev Server\plugins\CommandHelper\LocalPackages\creative-only\commands.msa:308.86
2023-10-13 11:02.31 - [CommandHelper][WARNING][compiler] (UselessCode) Empty statement. C:\Users\kiwid\Desktop\Servers\1.19 Dev Server\plugins\CommandHelper\LocalPackages\creative-only\home\home.msa:41.75
2023-10-13 11:02.31 - [CommandHelper][ERROR][runtime] ms.lang.InvalidProcedureException: Unknown procedure "_config_get"
	at <<main code>>:C:\Users\kiwid\Desktop\Servers\1.19 Dev Server\plugins\CommandHelper\LocalPackages\creative-only\home\warp.ms:11.5
 C:\Users\kiwid\Desktop\Servers\1.19 Dev Server\plugins\CommandHelper\LocalPackages\creative-only\home\warp.ms:11.5
2023-10-13 11:02.32 - [CommandHelper][ERROR][runtime] com.commandhelper.PlayerOfflineException: No matching player could be found.
	at <<main code>>:C:\Users\kiwid\Desktop\Servers\1.19 Dev Server\plugins\CommandHelper\LocalPackages\creative-only\minigames\arenacreator.msa:41.88
 C:\Users\kiwid\Desktop\Servers\1.19 Dev Server\plugins\CommandHelper\LocalPackages\creative-only\minigames\arenacreator.msa:41.88
2023-10-13 11:20.00 - [CommandHelper][WARNING][compiler] (UselessCode) Empty statement. C:\Users\kiwid\Desktop\Servers\1.19 Dev Server\plugins\CommandHelper\LocalPackages\creative-only\commands.msa:308.86
2023-10-13 11:20.00 - [CommandHelper][WARNING][compiler] (UselessCode) Empty statement. C:\Users\kiwid\Desktop\Servers\1.19 Dev Server\plugins\CommandHelper\LocalPackages\creative-only\home\home.msa:41.75
2023-10-13 11:20.00 - [CommandHelper][ERROR][runtime] ms.lang.InvalidProcedureException: Unknown procedure "_config_get"
	at <<main code>>:C:\Users\kiwid\Desktop\Servers\1.19 Dev Server\plugins\CommandHelper\LocalPackages\creative-only\home\warp.ms:11.5
 C:\Users\kiwid\Desktop\Servers\1.19 Dev Server\plugins\CommandHelper\LocalPackages\creative-only\home\warp.ms:11.5
2023-10-13 11:20.23 - [CommandHelper][WARNING][compiler] (UselessCode) Empty statement. C:\Users\kiwid\Desktop\Servers\1.19 Dev Server\plugins\CommandHelper\LocalPackages\creative-only\commands.msa:308.86
2023-10-13 11:20.23 - [CommandHelper][WARNING][compiler] (UselessCode) Empty statement. C:\Users\kiwid\Desktop\Servers\1.19 Dev Server\plugins\CommandHelper\LocalPackages\creative-only\home\home.msa:41.75
2023-10-13 11:20.23 - [CommandHelper][ERROR][runtime] ms.lang.InvalidProcedureException: Unknown procedure "_config_get"
	at <<main code>>:C:\Users\kiwid\Desktop\Servers\1.19 Dev Server\plugins\CommandHelper\LocalPackages\creative-only\home\warp.ms:11.5
 C:\Users\kiwid\Desktop\Servers\1.19 Dev Server\plugins\CommandHelper\LocalPackages\creative-only\home\warp.ms:11.5
2023-10-13 11:26.43 - [CommandHelper][WARNING][compiler] (UselessCode) Empty statement. C:\Users\kiwid\Desktop\Servers\1.19 Dev Server\plugins\CommandHelper\LocalPackages\creative-only\commands.msa:308.86
2023-10-13 11:26.43 - [CommandHelper][WARNING][compiler] (UselessCode) Empty statement. C:\Users\kiwid\Desktop\Servers\1.19 Dev Server\plugins\CommandHelper\LocalPackages\creative-only\home\home.msa:41.75
2023-10-13 11:26.43 - [CommandHelper][ERROR][runtime] ms.lang.InvalidProcedureException: Unknown procedure "_config_get"
	at <<main code>>:C:\Users\kiwid\Desktop\Servers\1.19 Dev Server\plugins\CommandHelper\LocalPackages\creative-only\home\warp.ms:11.5
 C:\Users\kiwid\Desktop\Servers\1.19 Dev Server\plugins\CommandHelper\LocalPackages\creative-only\home\warp.ms:11.5
2023-10-13 11:27.25 - [CommandHelper][WARNING][compiler] (UselessCode) Empty statement. C:\Users\kiwid\Desktop\Servers\1.19 Dev Server\plugins\CommandHelper\LocalPackages\creative-only\commands.msa:308.86
2023-10-13 11:27.25 - [CommandHelper][WARNING][compiler] (UselessCode) Empty statement. C:\Users\kiwid\Desktop\Servers\1.19 Dev Server\plugins\CommandHelper\LocalPackages\creative-only\home\home.msa:41.75
2023-10-13 11:27.25 - [CommandHelper][ERROR][runtime] ms.lang.InvalidProcedureException: Unknown procedure "_config_get"
	at <<main code>>:C:\Users\kiwid\Desktop\Servers\1.19 Dev Server\plugins\CommandHelper\LocalPackages\creative-only\home\warp.ms:11.5
 C:\Users\kiwid\Desktop\Servers\1.19 Dev Server\plugins\CommandHelper\LocalPackages\creative-only\home\warp.ms:11.5
2023-10-13 11:29.30 - [CommandHelper][WARNING][compiler] (UselessCode) Empty statement. C:\Users\kiwid\Desktop\Servers\1.19 Dev Server\plugins\CommandHelper\LocalPackages\creative-only\commands.msa:308.86
2023-10-13 11:29.30 - [CommandHelper][WARNING][compiler] (UselessCode) Empty statement. C:\Users\kiwid\Desktop\Servers\1.19 Dev Server\plugins\CommandHelper\LocalPackages\creative-only\home\home.msa:41.75
2023-10-13 11:29.30 - [CommandHelper][ERROR][runtime] ms.lang.InvalidProcedureException: Unknown procedure "_config_get"
	at <<main code>>:C:\Users\kiwid\Desktop\Servers\1.19 Dev Server\plugins\CommandHelper\LocalPackages\creative-only\home\warp.ms:11.5
 C:\Users\kiwid\Desktop\Servers\1.19 Dev Server\plugins\CommandHelper\LocalPackages\creative-only\home\warp.ms:11.5
2023-10-13 11:30.07 - [CommandHelper][WARNING][compiler] (UselessCode) Empty statement. C:\Users\kiwid\Desktop\Servers\1.19 Dev Server\plugins\CommandHelper\LocalPackages\creative-only\commands.msa:308.86
2023-10-13 11:30.07 - [CommandHelper][WARNING][compiler] (UselessCode) Empty statement. C:\Users\kiwid\Desktop\Servers\1.19 Dev Server\plugins\CommandHelper\LocalPackages\creative-only\home\home.msa:41.75
2023-10-13 11:30.07 - [CommandHelper][ERROR][runtime] ms.lang.InvalidProcedureException: Unknown procedure "_config_get"
	at <<main code>>:C:\Users\kiwid\Desktop\Servers\1.19 Dev Server\plugins\CommandHelper\LocalPackages\creative-only\home\warp.ms:11.5
 C:\Users\kiwid\Desktop\Servers\1.19 Dev Server\plugins\CommandHelper\LocalPackages\creative-only\home\warp.ms:11.5
2023-10-13 11:30.10 - [CommandHelper][ERROR][runtime] ms.lang.InsufficientPermissionException: You do not have permission to use the sk_pos1 function.
	at <<main code>>:C:\Users\kiwid\Desktop\Servers\1.19 Dev Server\plugins\CommandHelper\LocalPackages\creative-only\minigames\arenacreator.msa:8.13
 C:\Users\kiwid\Desktop\Servers\1.19 Dev Server\plugins\CommandHelper\LocalPackages\creative-only\minigames\arenacreator.msa:8.13
2023-10-13 11:30.30 - [CommandHelper][WARNING][compiler] (UselessCode) Empty statement. C:\Users\kiwid\Desktop\Servers\1.19 Dev Server\plugins\CommandHelper\LocalPackages\creative-only\commands.msa:308.86
2023-10-13 11:30.30 - [CommandHelper][WARNING][compiler] (UselessCode) Empty statement. C:\Users\kiwid\Desktop\Servers\1.19 Dev Server\plugins\CommandHelper\LocalPackages\creative-only\home\home.msa:41.75
2023-10-13 11:30.30 - [CommandHelper][ERROR][runtime] ms.lang.InvalidProcedureException: Unknown procedure "_config_get"
	at <<main code>>:C:\Users\kiwid\Desktop\Servers\1.19 Dev Server\plugins\CommandHelper\LocalPackages\creative-only\home\warp.ms:11.5
 C:\Users\kiwid\Desktop\Servers\1.19 Dev Server\plugins\CommandHelper\LocalPackages\creative-only\home\warp.ms:11.5
2023-10-13 11:33.16 - [CommandHelper][ERROR][runtime] ms.lang.InsufficientPermissionException: You do not have permission to use the sk_pos1 function.
	at <<main code>>:C:\Users\kiwid\Desktop\Servers\1.19 Dev Server\plugins\CommandHelper\LocalPackages\creative-only\minigames\arenacreator.msa:9.17
 C:\Users\kiwid\Desktop\Servers\1.19 Dev Server\plugins\CommandHelper\LocalPackages\creative-only\minigames\arenacreator.msa:9.17
2023-10-13 11:35.45 - [CommandHelper][ERROR][runtime] ms.lang.InsufficientPermissionException: You do not have permission to use the sk_pos2 function.
	at <<main code>>:C:\Users\kiwid\Desktop\Servers\1.19 Dev Server\plugins\CommandHelper\LocalPackages\creative-only\minigames\arenacreator.msa:10.17
 C:\Users\kiwid\Desktop\Servers\1.19 Dev Server\plugins\CommandHelper\LocalPackages\creative-only\minigames\arenacreator.msa:10.17
2023-10-13 11:36.49 - [CommandHelper][ERROR][runtime] ms.lang.InsufficientPermissionException: You do not have permission to use the query function.
	at <<main code>>:C:\Users\kiwid\Desktop\Servers\1.19 Dev Server\plugins\CommandHelper\LocalPackages\creative-only\minigames\arenacreator.msa:12.20
 C:\Users\kiwid\Desktop\Servers\1.19 Dev Server\plugins\CommandHelper\LocalPackages\creative-only\minigames\arenacreator.msa:12.20
2023-10-13 11:38.57 - [CommandHelper][WARNING][compiler] (UselessCode) Empty statement. C:\Users\kiwid\Desktop\Servers\1.19 Dev Server\plugins\CommandHelper\LocalPackages\creative-only\commands.msa:308.86
2023-10-13 11:38.57 - [CommandHelper][WARNING][compiler] (UselessCode) Empty statement. C:\Users\kiwid\Desktop\Servers\1.19 Dev Server\plugins\CommandHelper\LocalPackages\creative-only\home\home.msa:41.75
2023-10-13 11:38.57 - [CommandHelper][ERROR][runtime] ms.lang.InvalidProcedureException: Unknown procedure "_config_get"
	at <<main code>>:C:\Users\kiwid\Desktop\Servers\1.19 Dev Server\plugins\CommandHelper\LocalPackages\creative-only\home\warp.ms:11.5
 C:\Users\kiwid\Desktop\Servers\1.19 Dev Server\plugins\CommandHelper\LocalPackages\creative-only\home\warp.ms:11.5
2023-10-13 11:39.01 - [CommandHelper][ERROR][runtime] ms.lang.InsufficientPermissionException: You do not have permission to use the query function.
	at proc _mgCreateArena:C:\Users\kiwid\Desktop\Servers\1.19 Dev Server\plugins\CommandHelper\LocalPackages\creative-only\minigames\auto_include.ms:10.20
	at <<main code>>:C:\Users\kiwid\Desktop\Servers\1.19 Dev Server\plugins\CommandHelper\LocalPackages\creative-only\minigames\arenacreator.msa:8.20
 C:\Users\kiwid\Desktop\Servers\1.19 Dev Server\plugins\CommandHelper\LocalPackages\creative-only\minigames\auto_include.ms:10.20
2023-10-13 11:56.19 - [CommandHelper][ERROR][runtime] ms.lang.InsufficientPermissionException: You do not have permission to use the sk_pos1 function.
	at proc _mgCreateArena:C:\Users\kiwid\Desktop\Servers\1.19 Dev Server\plugins\CommandHelper\LocalPackages\creative-only\minigames\auto_include.ms:7.17
	at <<main code>>:C:\Users\kiwid\Desktop\Servers\1.19 Dev Server\plugins\CommandHelper\LocalPackages\creative-only\minigames\arenacreator.msa:8.20
 C:\Users\kiwid\Desktop\Servers\1.19 Dev Server\plugins\CommandHelper\LocalPackages\creative-only\minigames\auto_include.ms:7.17
2023-10-13 11:56.40 - [CommandHelper][WARNING][compiler] (UselessCode) Empty statement. C:\Users\kiwid\Desktop\Servers\1.19 Dev Server\plugins\CommandHelper\LocalPackages\creative-only\commands.msa:308.86
2023-10-13 11:56.40 - [CommandHelper][WARNING][compiler] (UselessCode) Empty statement. C:\Users\kiwid\Desktop\Servers\1.19 Dev Server\plugins\CommandHelper\LocalPackages\creative-only\home\home.msa:41.75
2023-10-13 11:56.40 - [CommandHelper][ERROR][runtime] ms.lang.InvalidProcedureException: Unknown procedure "_config_get"
	at <<main code>>:C:\Users\kiwid\Desktop\Servers\1.19 Dev Server\plugins\CommandHelper\LocalPackages\creative-only\home\warp.ms:11.5
 C:\Users\kiwid\Desktop\Servers\1.19 Dev Server\plugins\CommandHelper\LocalPackages\creative-only\home\warp.ms:11.5
2023-10-13 11:57.12 - [CommandHelper][ERROR][runtime] ms.lang.InsufficientPermissionException: You do not have permission to use the query function.
	at <<main code>>:C:\Users\kiwid\Desktop\Servers\1.19 Dev Server\plugins\CommandHelper\LocalPackages\creative-only\minigames\arenacreator.msa:39.23
 C:\Users\kiwid\Desktop\Servers\1.19 Dev Server\plugins\CommandHelper\LocalPackages\creative-only\minigames\arenacreator.msa:39.23
2023-10-13 11:57.28 - [CommandHelper][WARNING][compiler] (UselessCode) Empty statement. C:\Users\kiwid\Desktop\Servers\1.19 Dev Server\plugins\CommandHelper\LocalPackages\creative-only\commands.msa:308.86
2023-10-13 11:57.28 - [CommandHelper][WARNING][compiler] (UselessCode) Empty statement. C:\Users\kiwid\Desktop\Servers\1.19 Dev Server\plugins\CommandHelper\LocalPackages\creative-only\home\home.msa:41.75
2023-10-13 11:57.28 - [CommandHelper][ERROR][runtime] ms.lang.InvalidProcedureException: Unknown procedure "_config_get"
	at <<main code>>:C:\Users\kiwid\Desktop\Servers\1.19 Dev Server\plugins\CommandHelper\LocalPackages\creative-only\home\warp.ms:11.5
 C:\Users\kiwid\Desktop\Servers\1.19 Dev Server\plugins\CommandHelper\LocalPackages\creative-only\home\warp.ms:11.5
2023-10-13 11:59.18 - [CommandHelper][WARNING][compiler] (UselessCode) Empty statement. C:\Users\kiwid\Desktop\Servers\1.19 Dev Server\plugins\CommandHelper\LocalPackages\creative-only\commands.msa:308.86
2023-10-13 11:59.18 - [CommandHelper][WARNING][compiler] (UselessCode) Empty statement. C:\Users\kiwid\Desktop\Servers\1.19 Dev Server\plugins\CommandHelper\LocalPackages\creative-only\home\home.msa:41.75
2023-10-13 11:59.18 - [CommandHelper][ERROR][runtime] ms.lang.InvalidProcedureException: Unknown procedure "_config_get"
	at <<main code>>:C:\Users\kiwid\Desktop\Servers\1.19 Dev Server\plugins\CommandHelper\LocalPackages\creative-only\home\warp.ms:11.5
 C:\Users\kiwid\Desktop\Servers\1.19 Dev Server\plugins\CommandHelper\LocalPackages\creative-only\home\warp.ms:11.5
2023-10-13 11:59.43 - [CommandHelper][WARNING][compiler] (UselessCode) Empty statement. C:\Users\kiwid\Desktop\Servers\1.19 Dev Server\plugins\CommandHelper\LocalPackages\creative-only\commands.msa:308.86
2023-10-13 11:59.43 - [CommandHelper][WARNING][compiler] (UselessCode) Empty statement. C:\Users\kiwid\Desktop\Servers\1.19 Dev Server\plugins\CommandHelper\LocalPackages\creative-only\home\home.msa:41.75
2023-10-13 11:59.43 - [CommandHelper][ERROR][runtime] ms.lang.InvalidProcedureException: Unknown procedure "_config_get"
	at <<main code>>:C:\Users\kiwid\Desktop\Servers\1.19 Dev Server\plugins\CommandHelper\LocalPackages\creative-only\home\warp.ms:11.5
 C:\Users\kiwid\Desktop\Servers\1.19 Dev Server\plugins\CommandHelper\LocalPackages\creative-only\home\warp.ms:11.5
