2023-11-15 02:14.43 - [CommandHelper][WARNING][compiler] (UseBareStrings) Use of bare string C:\Users\kiwid\Desktop\Servers\1.19 Dev Server\plugins\CommandHelper\LocalPackages\creative-only\minigames\auto_include.ms:98.6
2023-11-15 02:14.43 - [CommandHelper][WARNING][compiler] (UselessCode) Empty statement. C:\Users\kiwid\Desktop\Servers\1.19 Dev Server\plugins\CommandHelper\LocalPackages\creative-only\commands.msa:308.86
2023-11-15 02:14.43 - [CommandHelper][ERROR][compiler] COMPILE ERROR: Duplicate command defined. (First occurrence found at C:\Users\kiwid\Desktop\Servers\1.19 Dev Server\plugins\CommandHelper\LocalPackages\creative-only\minigames\ArenaCreation\arenacreator.msa:18.3)
	at :C:\Users\kiwid\Desktop\Servers\1.19 Dev Server\plugins\CommandHelper\LocalPackages\creative-only\minigames\ArenaCreation\teamcreator.msa:7.3
 C:\Users\kiwid\Desktop\Servers\1.19 Dev Server\plugins\CommandHelper\LocalPackages\creative-only\minigames\ArenaCreation\teamcreator.msa:7.3
2023-11-15 02:14.49 - [CommandHelper][ERROR][runtime] Using undefined variable: @humansspawns C:\Users\kiwid\Desktop\Servers\1.19 Dev Server\plugins\CommandHelper\LocalPackages\creative-only\minigames\auto_include.ms:43.9
2023-11-15 02:15.34 - [CommandHelper][WARNING][compiler] (UseBareStrings) Use of bare string C:\Users\kiwid\Desktop\Servers\1.19 Dev Server\plugins\CommandHelper\LocalPackages\creative-only\minigames\auto_include.ms:98.6
2023-11-15 02:15.34 - [CommandHelper][WARNING][compiler] (UselessCode) Empty statement. C:\Users\kiwid\Desktop\Servers\1.19 Dev Server\plugins\CommandHelper\LocalPackages\creative-only\commands.msa:308.86
2023-11-15 02:15.34 - [CommandHelper][ERROR][compiler] COMPILE ERROR: Duplicate command defined. (First occurrence found at C:\Users\kiwid\Desktop\Servers\1.19 Dev Server\plugins\CommandHelper\LocalPackages\creative-only\minigames\ArenaCreation\arenacreator.msa:18.3)
	at :C:\Users\kiwid\Desktop\Servers\1.19 Dev Server\plugins\CommandHelper\LocalPackages\creative-only\minigames\ArenaCreation\teamcreator.msa:7.3
 C:\Users\kiwid\Desktop\Servers\1.19 Dev Server\plugins\CommandHelper\LocalPackages\creative-only\minigames\ArenaCreation\teamcreator.msa:7.3
2023-11-15 02:15.39 - [CommandHelper][ERROR][runtime] Using undefined variable: @humansspawns C:\Users\kiwid\Desktop\Servers\1.19 Dev Server\plugins\CommandHelper\LocalPackages\creative-only\minigames\auto_include.ms:43.9
2023-11-15 02:16.41 - [CommandHelper][WARNING][compiler] (UseBareStrings) Use of bare string C:\Users\kiwid\Desktop\Servers\1.19 Dev Server\plugins\CommandHelper\LocalPackages\creative-only\minigames\auto_include.ms:89.6
2023-11-15 02:16.41 - [CommandHelper][WARNING][compiler] (UselessCode) Empty statement. C:\Users\kiwid\Desktop\Servers\1.19 Dev Server\plugins\CommandHelper\LocalPackages\creative-only\commands.msa:308.86
2023-11-15 02:16.41 - [CommandHelper][ERROR][compiler] COMPILE ERROR: Duplicate command defined. (First occurrence found at C:\Users\kiwid\Desktop\Servers\1.19 Dev Server\plugins\CommandHelper\LocalPackages\creative-only\minigames\ArenaCreation\arenacreator.msa:18.3)
	at :C:\Users\kiwid\Desktop\Servers\1.19 Dev Server\plugins\CommandHelper\LocalPackages\creative-only\minigames\ArenaCreation\teamcreator.msa:7.3
 C:\Users\kiwid\Desktop\Servers\1.19 Dev Server\plugins\CommandHelper\LocalPackages\creative-only\minigames\ArenaCreation\teamcreator.msa:7.3
2023-11-15 02:16.46 - [CommandHelper][ERROR][runtime] Using undefined variable: @humansspawns C:\Users\kiwid\Desktop\Servers\1.19 Dev Server\plugins\CommandHelper\LocalPackages\creative-only\minigames\auto_include.ms:40.9
2023-11-15 02:17.08 - [CommandHelper][WARNING][compiler] (UseBareStrings) Use of bare string C:\Users\kiwid\Desktop\Servers\1.19 Dev Server\plugins\CommandHelper\LocalPackages\creative-only\minigames\auto_include.ms:89.6
2023-11-15 02:17.08 - [CommandHelper][WARNING][compiler] (UselessCode) Empty statement. C:\Users\kiwid\Desktop\Servers\1.19 Dev Server\plugins\CommandHelper\LocalPackages\creative-only\commands.msa:308.86
2023-11-15 02:17.08 - [CommandHelper][ERROR][compiler] COMPILE ERROR: Duplicate command defined. (First occurrence found at C:\Users\kiwid\Desktop\Servers\1.19 Dev Server\plugins\CommandHelper\LocalPackages\creative-only\minigames\ArenaCreation\arenacreator.msa:18.3)
	at :C:\Users\kiwid\Desktop\Servers\1.19 Dev Server\plugins\CommandHelper\LocalPackages\creative-only\minigames\ArenaCreation\teamcreator.msa:7.3
 C:\Users\kiwid\Desktop\Servers\1.19 Dev Server\plugins\CommandHelper\LocalPackages\creative-only\minigames\ArenaCreation\teamcreator.msa:7.3
2023-11-15 02:26.14 - [CommandHelper][WARNING][compiler] (UseBareStrings) Use of bare string C:\Users\kiwid\Desktop\Servers\1.19 Dev Server\plugins\CommandHelper\LocalPackages\creative-only\minigames\auto_include.ms:90.6
2023-11-15 02:26.14 - [CommandHelper][WARNING][compiler] (UselessCode) Empty statement. C:\Users\kiwid\Desktop\Servers\1.19 Dev Server\plugins\CommandHelper\LocalPackages\creative-only\commands.msa:308.86
2023-11-15 02:26.14 - [CommandHelper][ERROR][compiler] COMPILE ERROR: Duplicate command defined. (First occurrence found at C:\Users\kiwid\Desktop\Servers\1.19 Dev Server\plugins\CommandHelper\LocalPackages\creative-only\minigames\ArenaCreation\arenacreator.msa:18.3)
	at :C:\Users\kiwid\Desktop\Servers\1.19 Dev Server\plugins\CommandHelper\LocalPackages\creative-only\minigames\ArenaCreation\teamcreator.msa:7.3
 C:\Users\kiwid\Desktop\Servers\1.19 Dev Server\plugins\CommandHelper\LocalPackages\creative-only\minigames\ArenaCreation\teamcreator.msa:7.3
2023-11-15 07:52.43 - [CommandHelper][WARNING][compiler] (UseBareStrings) Use of bare string C:\Users\kiwid\Desktop\Servers\1.19 Dev Server\plugins\CommandHelper\LocalPackages\creative-only\minigames\auto_include.ms:90.6
2023-11-15 07:52.44 - [CommandHelper][WARNING][compiler] (UselessCode) Empty statement. C:\Users\kiwid\Desktop\Servers\1.19 Dev Server\plugins\CommandHelper\LocalPackages\creative-only\commands.msa:308.86
2023-11-15 07:52.44 - [CommandHelper][ERROR][compiler] COMPILE ERROR: Duplicate command defined. (First occurrence found at C:\Users\kiwid\Desktop\Servers\1.19 Dev Server\plugins\CommandHelper\LocalPackages\creative-only\minigames\ArenaCreation\arenacreator.msa:18.3)
	at :C:\Users\kiwid\Desktop\Servers\1.19 Dev Server\plugins\CommandHelper\LocalPackages\creative-only\minigames\ArenaCreation\teamcreator.msa:7.3
 C:\Users\kiwid\Desktop\Servers\1.19 Dev Server\plugins\CommandHelper\LocalPackages\creative-only\minigames\ArenaCreation\teamcreator.msa:7.3
2023-11-15 07:52.59 - [CommandHelper][ALWAYS][general] An update is available!
